TN:
SF:adapters\cassandra.js
FN:6,(anonymous_0)
FN:11,(anonymous_1)
FN:32,(anonymous_2)
FN:41,(anonymous_3)
FN:67,(anonymous_4)
FN:71,(anonymous_5)
FN:89,(anonymous_6)
FN:101,(anonymous_7)
FN:127,(anonymous_8)
FN:136,(anonymous_9)
FN:155,(anonymous_10)
FN:159,(anonymous_11)
FN:160,(anonymous_12)
FN:167,(anonymous_13)
FN:171,(anonymous_14)
FN:179,(anonymous_15)
FN:188,(anonymous_16)
FN:201,(anonymous_17)
FN:206,(anonymous_18)
FNF:19
FNH:19
FNDA:4,(anonymous_0)
FNDA:3,(anonymous_1)
FNDA:2,(anonymous_2)
FNDA:4,(anonymous_3)
FNDA:1,(anonymous_4)
FNDA:3,(anonymous_5)
FNDA:4,(anonymous_6)
FNDA:8,(anonymous_7)
FNDA:2,(anonymous_8)
FNDA:3,(anonymous_9)
FNDA:2,(anonymous_10)
FNDA:3,(anonymous_11)
FNDA:3,(anonymous_12)
FNDA:1,(anonymous_13)
FNDA:1,(anonymous_14)
FNDA:1,(anonymous_15)
FNDA:2,(anonymous_16)
FNDA:1,(anonymous_17)
FNDA:1,(anonymous_18)
DA:1,3
DA:2,3
DA:3,3
DA:7,4
DA:8,4
DA:12,3
DA:13,3
DA:14,2
DA:16,2
DA:17,2
DA:18,2
DA:21,2
DA:22,2
DA:23,2
DA:24,1
DA:27,1
DA:28,1
DA:33,2
DA:34,2
DA:38,2
DA:42,4
DA:47,4
DA:48,1
DA:51,4
DA:52,1
DA:53,3
DA:54,1
DA:57,4
DA:58,4
DA:59,1
DA:60,3
DA:61,1
DA:64,4
DA:68,1
DA:69,1
DA:70,1
DA:71,3
DA:72,1
DA:79,1
DA:85,1
DA:86,1
DA:90,4
DA:98,4
DA:102,8
DA:104,7
DA:105,7
DA:107,1
DA:109,1
DA:111,1
DA:113,1
DA:115,1
DA:117,1
DA:119,1
DA:122,1
DA:123,1
DA:128,2
DA:129,1
DA:130,1
DA:131,1
DA:132,1
DA:133,1
DA:137,3
DA:138,3
DA:139,3
DA:141,3
DA:142,2
DA:143,2
DA:144,1
DA:147,2
DA:148,1
DA:151,2
DA:152,2
DA:156,2
DA:157,2
DA:158,2
DA:159,3
DA:160,3
DA:161,2
DA:163,2
DA:164,2
DA:168,1
DA:169,1
DA:170,1
DA:171,1
DA:173,1
DA:175,1
DA:176,1
DA:180,1
DA:181,1
DA:182,1
DA:183,1
DA:184,1
DA:185,1
DA:189,2
DA:190,2
DA:191,2
DA:192,2
DA:193,1
DA:194,1
DA:195,1
DA:197,2
DA:198,2
DA:202,1
DA:203,1
DA:207,1
DA:208,1
DA:212,3
LF:107
LH:107
BRDA:13,0,0,3
BRDA:13,0,1,0
BRDA:41,1,0,0
BRDA:43,2,0,4
BRDA:43,2,1,2
BRDA:44,3,0,4
BRDA:44,3,1,2
BRDA:47,4,0,1
BRDA:47,4,1,3
BRDA:47,5,0,4
BRDA:47,5,1,1
BRDA:51,6,0,1
BRDA:51,6,1,3
BRDA:53,7,0,1
BRDA:53,7,1,2
BRDA:57,8,0,4
BRDA:57,8,1,3
BRDA:58,9,0,1
BRDA:58,9,1,3
BRDA:60,10,0,1
BRDA:60,10,1,2
BRDA:70,11,0,1
BRDA:70,11,1,0
BRDA:70,11,2,0
BRDA:98,12,0,4
BRDA:98,12,1,0
BRDA:101,13,0,2
BRDA:101,14,0,7
BRDA:102,15,0,1
BRDA:102,15,1,7
BRDA:105,16,0,1
BRDA:105,16,1,1
BRDA:105,16,2,1
BRDA:105,16,3,1
BRDA:105,16,4,1
BRDA:105,16,5,1
BRDA:105,16,6,1
BRDA:133,17,0,1
BRDA:133,17,1,0
BRDA:136,18,0,0
BRDA:136,19,0,1
BRDA:141,20,0,2
BRDA:141,20,1,1
BRDA:147,21,0,1
BRDA:147,21,1,1
BRDA:157,22,0,2
BRDA:157,22,1,1
BRDA:188,23,0,0
BRDA:192,24,0,1
BRDA:192,24,1,1
BRDA:198,25,0,2
BRDA:198,25,1,1
BRDA:207,26,0,1
BRDA:207,26,1,0
BRF:54
BRH:45
end_of_record
TN:
SF:adapters\dynamodb.js
FN:15,(anonymous_0)
FN:21,(anonymous_1)
FN:56,(anonymous_2)
FN:84,(anonymous_3)
FN:105,(anonymous_4)
FN:129,(anonymous_5)
FN:147,(anonymous_6)
FN:163,(anonymous_7)
FN:169,(anonymous_8)
FN:188,(anonymous_9)
FN:206,(anonymous_10)
FN:223,(anonymous_11)
FN:228,(anonymous_12)
FNF:13
FNH:13
FNDA:6,(anonymous_0)
FNDA:2,(anonymous_1)
FNDA:3,(anonymous_2)
FNDA:12,(anonymous_3)
FNDA:5,(anonymous_4)
FNDA:2,(anonymous_5)
FNDA:2,(anonymous_6)
FNDA:2,(anonymous_7)
FNDA:1,(anonymous_8)
FNDA:2,(anonymous_9)
FNDA:2,(anonymous_10)
FNDA:3,(anonymous_11)
FNDA:2,(anonymous_12)
DA:1,3
DA:10,3
DA:11,3
DA:12,3
DA:16,6
DA:17,6
DA:18,6
DA:22,2
DA:23,2
DA:27,2
DA:28,1
DA:31,2
DA:32,1
DA:38,2
DA:39,2
DA:44,2
DA:45,2
DA:47,2
DA:48,2
DA:51,0
DA:52,0
DA:57,3
DA:58,3
DA:69,3
DA:70,3
DA:71,1
DA:75,1
DA:77,2
DA:78,1
DA:80,1
DA:85,12
DA:87,11
DA:89,3
DA:91,1
DA:93,1
DA:95,2
DA:97,2
DA:99,1
DA:101,1
DA:106,5
DA:107,5
DA:109,4
DA:110,2
DA:114,2
DA:117,2
DA:126,2
DA:130,2
DA:134,2
DA:135,1
DA:136,1
DA:137,1
DA:138,1
DA:141,2
DA:143,2
DA:144,2
DA:148,2
DA:155,2
DA:160,2
DA:164,2
DA:165,2
DA:167,1
DA:168,1
DA:169,1
DA:170,1
DA:171,1
DA:172,1
DA:175,1
DA:177,1
DA:185,1
DA:189,2
DA:190,2
DA:192,1
DA:196,1
DA:197,1
DA:203,1
DA:207,2
DA:212,2
DA:213,1
DA:214,1
DA:215,1
DA:216,1
DA:219,2
DA:220,2
DA:224,3
DA:225,2
DA:229,2
DA:230,2
DA:234,3
LF:88
LH:86
BRDA:21,0,0,0
BRDA:24,1,0,2
BRDA:24,1,1,1
BRDA:24,1,2,1
BRDA:27,2,0,1
BRDA:27,2,1,1
BRDA:31,3,0,1
BRDA:31,3,1,1
BRDA:31,4,0,2
BRDA:31,4,1,1
BRDA:57,5,0,2
BRDA:57,5,1,1
BRDA:77,6,0,1
BRDA:77,6,1,1
BRDA:84,7,0,2
BRDA:84,8,0,11
BRDA:85,9,0,1
BRDA:85,9,1,11
BRDA:87,10,0,3
BRDA:87,10,1,1
BRDA:87,10,2,1
BRDA:87,10,3,2
BRDA:87,10,4,2
BRDA:87,10,5,1
BRDA:87,10,6,1
BRDA:106,11,0,5
BRDA:106,11,1,1
BRDA:106,12,0,5
BRDA:106,12,1,0
BRDA:107,13,0,1
BRDA:107,13,1,4
BRDA:109,14,0,2
BRDA:109,14,1,2
BRDA:114,15,0,2
BRDA:114,15,1,0
BRDA:126,16,0,2
BRDA:126,16,1,1
BRDA:129,17,0,1
BRDA:129,18,0,1
BRDA:134,19,0,1
BRDA:134,19,1,1
BRDA:141,20,0,1
BRDA:141,20,1,1
BRDA:144,21,0,2
BRDA:144,21,1,1
BRDA:165,22,0,1
BRDA:165,22,1,1
BRDA:189,23,0,2
BRDA:189,23,1,1
BRDA:189,24,0,2
BRDA:189,24,1,0
BRDA:190,25,0,1
BRDA:190,25,1,1
BRDA:192,26,0,1
BRDA:192,26,1,0
BRDA:206,27,0,1
BRDA:212,28,0,1
BRDA:212,28,1,1
BRDA:220,29,0,2
BRDA:220,29,1,1
BRDA:224,30,0,1
BRDA:224,30,1,2
BRDA:229,31,0,1
BRDA:229,31,1,1
BRF:64
BRH:59
end_of_record
TN:
SF:adapters\elasticsearch.js
FN:5,(anonymous_0)
FN:10,(anonymous_1)
FN:31,(anonymous_2)
FN:44,(anonymous_3)
FN:72,(anonymous_4)
FN:81,(anonymous_5)
FN:88,(anonymous_6)
FN:91,(anonymous_7)
FN:99,(anonymous_8)
FN:109,(anonymous_9)
FN:117,(anonymous_10)
FN:131,(anonymous_11)
FN:134,(anonymous_12)
FN:142,(anonymous_13)
FN:147,(anonymous_14)
FNF:15
FNH:15
FNDA:4,(anonymous_0)
FNDA:1,(anonymous_1)
FNDA:3,(anonymous_2)
FNDA:9,(anonymous_3)
FNDA:2,(anonymous_4)
FNDA:2,(anonymous_5)
FNDA:1,(anonymous_6)
FNDA:2,(anonymous_7)
FNDA:1,(anonymous_8)
FNDA:2,(anonymous_9)
FNDA:2,(anonymous_10)
FNDA:1,(anonymous_11)
FNDA:2,(anonymous_12)
FNDA:1,(anonymous_13)
FNDA:1,(anonymous_14)
DA:1,3
DA:2,3
DA:6,4
DA:7,4
DA:11,1
DA:12,1
DA:17,1
DA:18,1
DA:19,1
DA:22,1
DA:23,1
DA:26,0
DA:27,0
DA:32,3
DA:33,3
DA:34,1
DA:36,2
DA:37,1
DA:39,1
DA:45,9
DA:47,8
DA:48,8
DA:50,1
DA:52,1
DA:54,1
DA:56,1
DA:58,1
DA:60,1
DA:62,1
DA:64,1
DA:67,1
DA:68,1
DA:73,2
DA:78,2
DA:82,2
DA:88,2
DA:92,2
DA:96,2
DA:100,1
DA:101,1
DA:106,1
DA:110,2
DA:114,2
DA:118,2
DA:131,2
DA:135,2
DA:139,2
DA:143,1
DA:144,1
DA:148,1
DA:149,1
DA:153,3
LF:52
LH:50
BRDA:13,0,0,1
BRDA:13,0,1,0
BRDA:36,1,0,1
BRDA:36,1,1,1
BRDA:44,2,0,2
BRDA:44,3,0,7
BRDA:45,4,0,1
BRDA:45,4,1,8
BRDA:48,5,0,1
BRDA:48,5,1,1
BRDA:48,5,2,1
BRDA:48,5,3,1
BRDA:48,5,4,1
BRDA:48,5,5,1
BRDA:48,5,6,1
BRDA:48,5,7,1
BRDA:78,6,0,2
BRDA:78,6,1,1
BRDA:81,7,0,0
BRDA:81,8,0,1
BRDA:84,9,0,1
BRDA:84,9,1,1
BRDA:85,10,0,2
BRDA:85,10,1,1
BRDA:86,11,0,2
BRDA:86,11,1,1
BRDA:117,12,0,1
BRDA:124,13,0,2
BRDA:124,13,1,1
BRDA:128,14,0,2
BRDA:128,14,1,1
BRDA:129,15,0,2
BRDA:129,15,1,2
BRDA:134,16,0,0
BRDA:137,17,0,0
BRDA:137,17,1,2
BRDA:137,18,0,2
BRDA:137,18,1,0
BRDA:139,19,0,2
BRDA:139,19,1,1
BRDA:148,20,0,1
BRDA:148,20,1,0
BRF:42
BRH:36
end_of_record
TN:
SF:adapters\firebase.js
FN:5,(anonymous_0)
FN:10,(anonymous_1)
FN:34,(anonymous_2)
FN:60,(anonymous_3)
FN:72,(anonymous_4)
FN:94,(anonymous_5)
FN:97,(anonymous_6)
FN:107,(anonymous_7)
FN:117,(anonymous_8)
FN:131,(anonymous_9)
FN:144,(anonymous_10)
FN:145,(anonymous_11)
FN:150,(anonymous_12)
FN:155,(anonymous_13)
FNF:14
FNH:14
FNDA:2,(anonymous_0)
FNDA:1,(anonymous_1)
FNDA:8,(anonymous_2)
FNDA:1,(anonymous_3)
FNDA:1,(anonymous_4)
FNDA:2,(anonymous_5)
FNDA:1,(anonymous_6)
FNDA:1,(anonymous_7)
FNDA:1,(anonymous_8)
FNDA:1,(anonymous_9)
FNDA:1,(anonymous_10)
FNDA:1,(anonymous_11)
FNDA:1,(anonymous_12)
FNDA:1,(anonymous_13)
DA:1,3
DA:2,3
DA:6,2
DA:7,2
DA:11,1
DA:12,1
DA:13,1
DA:19,1
DA:20,1
DA:21,1
DA:24,1
DA:25,1
DA:26,1
DA:29,0
DA:30,0
DA:35,8
DA:37,7
DA:38,7
DA:40,1
DA:42,1
DA:44,1
DA:46,1
DA:48,1
DA:50,1
DA:52,1
DA:55,1
DA:56,1
DA:61,1
DA:62,1
DA:68,1
DA:69,1
DA:73,1
DA:75,1
DA:76,1
DA:77,1
DA:81,1
DA:82,1
DA:85,1
DA:86,1
DA:89,1
DA:90,1
DA:93,1
DA:94,2
DA:98,1
DA:104,1
DA:108,1
DA:109,1
DA:114,1
DA:118,1
DA:119,1
DA:124,1
DA:125,2
DA:128,1
DA:132,1
DA:134,1
DA:135,0
DA:136,0
DA:140,1
DA:141,1
DA:145,1
DA:146,1
DA:151,1
DA:152,1
DA:156,1
DA:160,3
LF:65
LH:61
BRDA:12,0,0,1
BRDA:12,0,1,0
BRDA:34,1,0,2
BRDA:34,2,0,7
BRDA:35,3,0,1
BRDA:35,3,1,7
BRDA:38,4,0,1
BRDA:38,4,1,1
BRDA:38,4,2,1
BRDA:38,4,3,1
BRDA:38,4,4,1
BRDA:38,4,5,1
BRDA:38,4,6,1
BRDA:68,5,0,0
BRDA:68,5,1,1
BRDA:72,6,0,0
BRDA:72,7,0,0
BRDA:75,8,0,1
BRDA:75,8,1,0
BRDA:75,9,0,1
BRDA:75,9,1,1
BRDA:81,10,0,1
BRDA:81,10,1,0
BRDA:85,11,0,1
BRDA:85,11,1,0
BRDA:89,12,0,1
BRDA:89,12,1,0
BRDA:131,13,0,0
BRDA:134,14,0,0
BRDA:134,14,1,1
BRDA:134,15,0,1
BRDA:134,15,1,1
BRF:32
BRH:22
end_of_record
TN:
SF:adapters\libsql.js
FN:5,(anonymous_0)
FN:10,(anonymous_1)
FN:19,(anonymous_2)
FN:23,(anonymous_3)
FN:36,(anonymous_4)
FN:43,(anonymous_5)
FN:62,(anonymous_6)
FN:66,(anonymous_7)
FN:67,(anonymous_8)
FN:71,(anonymous_9)
FN:81,(anonymous_10)
FN:86,(anonymous_11)
FN:89,(anonymous_12)
FN:91,(anonymous_13)
FN:91,(anonymous_14)
FN:92,(anonymous_15)
FN:97,(anonymous_16)
FN:100,(anonymous_17)
FN:103,(anonymous_18)
FN:104,(anonymous_19)
FN:109,(anonymous_20)
FN:116,(anonymous_21)
FN:123,(anonymous_22)
FN:128,(anonymous_23)
FNF:24
FNH:24
FNDA:3,(anonymous_0)
FNDA:2,(anonymous_1)
FNDA:2,(anonymous_2)
FNDA:6,(anonymous_3)
FNDA:8,(anonymous_4)
FNDA:6,(anonymous_5)
FNDA:9,(anonymous_6)
FNDA:2,(anonymous_7)
FNDA:2,(anonymous_8)
FNDA:3,(anonymous_9)
FNDA:2,(anonymous_10)
FNDA:2,(anonymous_11)
FNDA:3,(anonymous_12)
FNDA:3,(anonymous_13)
FNDA:3,(anonymous_14)
FNDA:3,(anonymous_15)
FNDA:1,(anonymous_16)
FNDA:1,(anonymous_17)
FNDA:1,(anonymous_18)
FNDA:1,(anonymous_19)
FNDA:2,(anonymous_20)
FNDA:3,(anonymous_21)
FNDA:1,(anonymous_22)
FNDA:2,(anonymous_23)
DA:1,2
DA:2,2
DA:6,3
DA:7,3
DA:11,2
DA:12,2
DA:13,2
DA:14,2
DA:15,2
DA:16,2
DA:20,2
DA:21,2
DA:22,2
DA:23,6
DA:25,2
DA:37,8
DA:38,8
DA:39,5
DA:40,4
DA:44,6
DA:46,1
DA:48,0
DA:50,1
DA:52,1
DA:54,1
DA:56,1
DA:58,1
DA:63,9
DA:64,9
DA:65,2
DA:66,2
DA:67,2
DA:72,3
DA:73,3
DA:74,3
DA:78,3
DA:82,2
DA:83,2
DA:87,2
DA:88,2
DA:89,3
DA:90,2
DA:91,3
DA:92,3
DA:94,2
DA:98,1
DA:99,1
DA:100,1
DA:101,1
DA:102,1
DA:103,1
DA:104,1
DA:106,1
DA:110,2
DA:111,2
DA:112,2
DA:113,2
DA:117,3
DA:118,3
DA:119,3
DA:120,3
DA:124,1
DA:125,1
DA:129,2
DA:130,2
DA:134,2
LF:66
LH:65
BRDA:10,0,0,0
BRDA:12,1,0,1
BRDA:12,1,1,1
BRDA:19,2,0,0
BRDA:22,3,0,2
BRDA:22,3,1,0
BRDA:22,3,2,0
BRDA:28,4,0,2
BRDA:28,4,1,0
BRDA:38,5,0,3
BRDA:38,5,1,5
BRDA:39,6,0,1
BRDA:39,6,1,4
BRDA:43,7,0,1
BRDA:43,8,0,6
BRDA:44,9,0,1
BRDA:44,9,1,0
BRDA:44,9,2,1
BRDA:44,9,3,1
BRDA:44,9,4,1
BRDA:44,9,5,1
BRDA:44,9,6,1
BRDA:62,10,0,1
BRDA:63,11,0,9
BRDA:63,11,1,0
BRDA:64,12,0,7
BRDA:64,12,1,2
BRDA:71,13,0,1
BRDA:71,14,0,1
BRDA:75,15,0,3
BRDA:75,15,1,1
BRDA:81,16,0,0
BRDA:83,17,0,2
BRDA:83,17,1,1
BRDA:86,18,0,1
BRDA:88,19,0,2
BRDA:88,19,1,1
BRDA:97,20,0,0
BRDA:101,21,0,0
BRDA:101,21,1,1
BRDA:109,22,0,1
BRDA:116,23,0,1
BRDA:120,24,0,3
BRDA:120,24,1,2
BRDA:129,25,0,1
BRDA:129,25,1,1
BRDA:129,26,0,2
BRDA:129,26,1,2
BRF:48
BRH:38
end_of_record
TN:
SF:adapters\mongodb.js
FN:5,(anonymous_0)
FN:11,(anonymous_1)
FN:31,(anonymous_2)
FN:42,(anonymous_3)
FN:66,(anonymous_4)
FN:70,(anonymous_5)
FN:77,(anonymous_6)
FNF:7
FNH:7
FNDA:2,(anonymous_0)
FNDA:2,(anonymous_1)
FNDA:1,(anonymous_2)
FNDA:10,(anonymous_3)
FNDA:1,(anonymous_4)
FNDA:1,(anonymous_5)
FNDA:1,(anonymous_6)
DA:1,3
DA:2,3
DA:6,2
DA:7,2
DA:8,2
DA:12,2
DA:13,2
DA:14,2
DA:17,2
DA:19,2
DA:23,1
DA:24,1
DA:25,1
DA:27,1
DA:32,1
DA:33,1
DA:38,1
DA:43,10
DA:44,10
DA:45,1
DA:48,9
DA:50,1
DA:52,2
DA:54,1
DA:56,1
DA:58,2
DA:60,1
DA:62,1
DA:67,1
DA:71,1
DA:72,1
DA:73,1
DA:78,1
DA:82,3
LF:34
LH:34
BRDA:11,0,0,0
BRDA:13,1,0,0
BRDA:13,1,1,2
BRDA:14,2,0,2
BRDA:14,2,1,0
BRDA:16,3,0,0
BRDA:16,3,1,0
BRDA:16,3,2,0
BRDA:17,4,0,2
BRDA:17,4,1,2
BRDA:17,4,2,2
BRDA:38,5,0,1
BRDA:38,5,1,1
BRDA:42,6,0,2
BRDA:42,7,0,9
BRDA:44,8,0,1
BRDA:44,8,1,9
BRDA:48,9,0,1
BRDA:48,9,1,2
BRDA:48,9,2,1
BRDA:48,9,3,1
BRDA:48,9,4,2
BRDA:48,9,5,1
BRDA:48,9,6,1
BRDA:50,10,0,1
BRDA:50,10,1,0
BRDA:50,11,0,1
BRDA:50,11,1,0
BRDA:52,12,0,1
BRDA:52,12,1,1
BRDA:52,13,0,2
BRDA:52,13,1,2
BRDA:52,14,0,1
BRDA:52,14,1,0
BRDA:58,15,0,1
BRDA:58,15,1,1
BRDA:58,16,0,2
BRDA:58,16,1,2
BRDA:58,17,0,1
BRDA:58,17,1,0
BRDA:60,18,0,1
BRDA:60,18,1,0
BRDA:67,19,0,1
BRDA:67,19,1,0
BRDA:71,20,0,1
BRDA:71,20,1,0
BRF:46
BRH:33
end_of_record
TN:
SF:adapters\mssql.js
FN:5,(anonymous_0)
FN:11,(anonymous_1)
FN:19,(anonymous_2)
FN:34,(anonymous_3)
FN:38,(anonymous_4)
FN:52,(anonymous_5)
FN:62,(anonymous_6)
FN:81,(anonymous_7)
FN:84,(anonymous_8)
FN:88,(anonymous_9)
FN:91,(anonymous_10)
FN:99,(anonymous_11)
FN:104,(anonymous_12)
FN:107,(anonymous_13)
FN:109,(anonymous_14)
FN:110,(anonymous_15)
FN:110,(anonymous_16)
FN:114,(anonymous_17)
FN:117,(anonymous_18)
FN:119,(anonymous_19)
FN:120,(anonymous_20)
FN:124,(anonymous_21)
FN:132,(anonymous_22)
FN:140,(anonymous_23)
FN:145,(anonymous_24)
FNF:25
FNH:24
FNDA:4,(anonymous_0)
FNDA:1,(anonymous_1)
FNDA:2,(anonymous_2)
FNDA:1,(anonymous_3)
FNDA:3,(anonymous_4)
FNDA:8,(anonymous_5)
FNDA:6,(anonymous_6)
FNDA:7,(anonymous_7)
FNDA:2,(anonymous_8)
FNDA:2,(anonymous_9)
FNDA:2,(anonymous_10)
FNDA:0,(anonymous_11)
FNDA:2,(anonymous_12)
FNDA:3,(anonymous_13)
FNDA:3,(anonymous_14)
FNDA:3,(anonymous_15)
FNDA:3,(anonymous_16)
FNDA:1,(anonymous_17)
FNDA:1,(anonymous_18)
FNDA:1,(anonymous_19)
FNDA:1,(anonymous_20)
FNDA:2,(anonymous_21)
FNDA:2,(anonymous_22)
FNDA:1,(anonymous_23)
FNDA:2,(anonymous_24)
DA:1,2
DA:2,2
DA:6,4
DA:7,4
DA:8,4
DA:12,1
DA:13,1
DA:14,1
DA:15,1
DA:16,1
DA:20,2
DA:21,2
DA:35,1
DA:36,1
DA:37,1
DA:38,3
DA:40,1
DA:53,8
DA:54,8
DA:55,6
DA:56,4
DA:57,3
DA:58,3
DA:59,2
DA:63,6
DA:65,0
DA:67,1
DA:69,1
DA:71,1
DA:73,1
DA:75,1
DA:77,1
DA:82,7
DA:83,7
DA:84,2
DA:85,2
DA:86,2
DA:88,2
DA:92,2
DA:93,2
DA:94,2
DA:95,2
DA:96,2
DA:100,0
DA:101,0
DA:105,2
DA:106,2
DA:107,3
DA:108,2
DA:109,3
DA:110,3
DA:111,2
DA:115,1
DA:116,1
DA:117,1
DA:118,1
DA:119,1
DA:120,1
DA:121,1
DA:125,2
DA:126,2
DA:127,2
DA:128,2
DA:129,2
DA:133,2
DA:134,2
DA:135,2
DA:136,2
DA:137,2
DA:141,1
DA:142,1
DA:146,2
DA:147,2
DA:151,2
LF:74
LH:71
BRDA:11,0,0,0
BRDA:13,1,0,1
BRDA:13,1,1,0
BRDA:23,2,0,2
BRDA:23,2,1,1
BRDA:34,3,0,0
BRDA:37,4,0,1
BRDA:37,4,1,0
BRDA:37,4,2,0
BRDA:44,5,0,1
BRDA:44,5,1,0
BRDA:54,6,0,2
BRDA:54,6,1,6
BRDA:55,7,0,2
BRDA:55,7,1,4
BRDA:56,8,0,1
BRDA:56,8,1,3
BRDA:57,9,0,0
BRDA:57,9,1,3
BRDA:58,10,0,1
BRDA:58,10,1,2
BRDA:62,11,0,1
BRDA:62,12,0,5
BRDA:63,13,0,0
BRDA:63,13,1,1
BRDA:63,13,2,1
BRDA:63,13,3,1
BRDA:63,13,4,1
BRDA:63,13,5,1
BRDA:63,13,6,1
BRDA:81,14,0,0
BRDA:82,15,0,7
BRDA:82,15,1,0
BRDA:83,16,0,5
BRDA:83,16,1,2
BRDA:91,17,0,1
BRDA:91,18,0,1
BRDA:95,19,0,2
BRDA:95,19,1,1
BRDA:99,20,0,0
BRDA:101,21,0,0
BRDA:101,21,1,0
BRDA:104,22,0,1
BRDA:106,23,0,2
BRDA:106,23,1,1
BRDA:114,24,0,0
BRDA:124,25,0,1
BRDA:129,26,0,2
BRDA:129,26,1,1
BRDA:132,27,0,1
BRDA:137,28,0,2
BRDA:137,28,1,1
BRDA:146,29,0,1
BRDA:146,29,1,1
BRF:54
BRH:40
end_of_record
TN:
SF:adapters\mysql.js
FN:7,(anonymous_0)
FN:12,(anonymous_1)
FN:24,(anonymous_2)
FN:51,(anonymous_3)
FN:55,(anonymous_4)
FN:70,(anonymous_5)
FN:89,(anonymous_6)
FN:93,(anonymous_7)
FN:94,(anonymous_8)
FN:98,(anonymous_9)
FN:106,(anonymous_10)
FN:111,(anonymous_11)
FN:114,(anonymous_12)
FN:115,(anonymous_13)
FN:116,(anonymous_14)
FN:118,(anonymous_15)
FN:124,(anonymous_16)
FN:127,(anonymous_17)
FN:129,(anonymous_18)
FN:131,(anonymous_19)
FN:137,(anonymous_20)
FN:144,(anonymous_21)
FN:151,(anonymous_22)
FN:166,(anonymous_23)
FN:171,(anonymous_24)
FNF:25
FNH:25
FNDA:4,(anonymous_0)
FNDA:3,(anonymous_1)
FNDA:4,(anonymous_2)
FNDA:2,(anonymous_3)
FNDA:6,(anonymous_4)
FNDA:6,(anonymous_5)
FNDA:9,(anonymous_6)
FNDA:2,(anonymous_7)
FNDA:2,(anonymous_8)
FNDA:3,(anonymous_9)
FNDA:2,(anonymous_10)
FNDA:2,(anonymous_11)
FNDA:3,(anonymous_12)
FNDA:3,(anonymous_13)
FNDA:3,(anonymous_14)
FNDA:3,(anonymous_15)
FNDA:2,(anonymous_16)
FNDA:1,(anonymous_17)
FNDA:1,(anonymous_18)
FNDA:1,(anonymous_19)
FNDA:2,(anonymous_20)
FNDA:3,(anonymous_21)
FNDA:2,(anonymous_22)
FNDA:1,(anonymous_23)
FNDA:1,(anonymous_24)
DA:1,2
DA:2,2
DA:3,2
DA:4,2
DA:8,4
DA:9,4
DA:13,3
DA:14,3
DA:15,2
DA:16,2
DA:17,2
DA:18,2
DA:20,1
DA:25,4
DA:26,3
DA:27,3
DA:28,2
DA:39,1
DA:52,2
DA:53,2
DA:54,2
DA:55,6
DA:58,2
DA:66,2
DA:71,6
DA:73,0
DA:75,1
DA:77,1
DA:79,1
DA:81,1
DA:83,1
DA:85,1
DA:90,9
DA:91,9
DA:92,2
DA:93,2
DA:94,2
DA:99,3
DA:100,3
DA:101,3
DA:102,3
DA:103,3
DA:107,2
DA:108,2
DA:112,2
DA:113,2
DA:114,3
DA:115,3
DA:116,3
DA:117,2
DA:118,3
DA:121,2
DA:125,2
DA:126,2
DA:127,2
DA:128,2
DA:129,1
DA:130,1
DA:131,1
DA:134,1
DA:138,2
DA:139,2
DA:140,2
DA:141,2
DA:145,3
DA:146,3
DA:147,3
DA:148,3
DA:152,2
DA:153,2
DA:154,2
DA:155,2
DA:156,1
DA:157,1
DA:159,1
DA:160,1
DA:162,2
DA:167,1
DA:168,1
DA:172,1
DA:173,1
DA:177,2
LF:82
LH:81
BRDA:12,0,0,0
BRDA:25,1,0,1
BRDA:25,1,1,3
BRDA:25,2,0,4
BRDA:25,2,1,4
BRDA:30,3,0,2
BRDA:30,3,1,0
BRDA:31,4,0,2
BRDA:31,4,1,1
BRDA:32,5,0,2
BRDA:32,5,1,0
BRDA:33,6,0,2
BRDA:33,6,1,1
BRDA:36,7,0,1
BRDA:36,7,1,1
BRDA:54,8,0,2
BRDA:54,8,1,0
BRDA:61,9,0,2
BRDA:61,9,1,0
BRDA:70,10,0,1
BRDA:70,11,0,6
BRDA:71,12,0,0
BRDA:71,12,1,1
BRDA:71,12,2,1
BRDA:71,12,3,1
BRDA:71,12,4,1
BRDA:71,12,5,1
BRDA:71,12,6,1
BRDA:89,13,0,1
BRDA:90,14,0,9
BRDA:90,14,1,0
BRDA:91,15,0,7
BRDA:91,15,1,2
BRDA:98,16,0,1
BRDA:98,17,0,1
BRDA:101,18,0,3
BRDA:101,18,1,1
BRDA:106,19,0,0
BRDA:108,20,0,2
BRDA:108,20,1,1
BRDA:113,21,0,2
BRDA:113,21,1,1
BRDA:128,22,0,1
BRDA:128,22,1,1
BRDA:137,23,0,1
BRDA:141,24,0,2
BRDA:141,24,1,1
BRDA:144,25,0,1
BRDA:148,26,0,3
BRDA:148,26,1,2
BRDA:172,27,0,1
BRDA:172,27,1,0
BRF:52
BRH:43
end_of_record
TN:
SF:adapters\neo4j.js
FN:5,(anonymous_0)
FN:10,(anonymous_1)
FN:22,(anonymous_2)
FN:31,(anonymous_3)
FN:43,(anonymous_4)
FN:62,(anonymous_5)
FN:66,(anonymous_6)
FN:74,(anonymous_7)
FN:79,(anonymous_8)
FN:85,(anonymous_9)
FN:91,(anonymous_10)
FN:96,(anonymous_11)
FN:108,(anonymous_12)
FN:123,(anonymous_13)
FN:135,(anonymous_14)
FN:147,(anonymous_15)
FN:152,(anonymous_16)
FNF:17
FNH:17
FNDA:3,(anonymous_0)
FNDA:2,(anonymous_1)
FNDA:1,(anonymous_2)
FNDA:2,(anonymous_3)
FNDA:6,(anonymous_4)
FNDA:8,(anonymous_5)
FNDA:3,(anonymous_6)
FNDA:4,(anonymous_7)
FNDA:2,(anonymous_8)
FNDA:1,(anonymous_9)
FNDA:2,(anonymous_10)
FNDA:2,(anonymous_11)
FNDA:2,(anonymous_12)
FNDA:2,(anonymous_13)
FNDA:2,(anonymous_14)
FNDA:1,(anonymous_15)
FNDA:1,(anonymous_16)
DA:1,3
DA:2,3
DA:6,3
DA:7,3
DA:11,2
DA:12,2
DA:13,2
DA:17,2
DA:18,2
DA:19,2
DA:23,1
DA:24,1
DA:32,2
DA:33,2
DA:34,2
DA:35,1
DA:36,1
DA:39,2
DA:44,6
DA:46,1
DA:48,0
DA:50,1
DA:52,1
DA:54,1
DA:56,1
DA:58,1
DA:63,8
DA:64,8
DA:65,3
DA:66,3
DA:67,3
DA:68,3
DA:69,3
DA:71,3
DA:75,4
DA:76,4
DA:80,2
DA:81,2
DA:82,2
DA:83,2
DA:84,2
DA:85,2
DA:87,2
DA:92,2
DA:93,2
DA:97,2
DA:98,2
DA:99,2
DA:100,2
DA:101,2
DA:102,2
DA:104,2
DA:109,2
DA:110,2
DA:111,2
DA:112,2
DA:113,2
DA:117,2
DA:119,2
DA:124,2
DA:125,2
DA:126,2
DA:127,2
DA:128,2
DA:129,2
DA:131,2
DA:136,2
DA:137,2
DA:138,2
DA:139,2
DA:140,2
DA:141,2
DA:143,2
DA:148,1
DA:149,1
DA:153,1
DA:154,1
DA:158,3
LF:78
LH:77
BRDA:10,0,0,0
BRDA:12,1,0,1
BRDA:12,1,1,1
BRDA:26,2,0,1
BRDA:26,2,1,0
BRDA:27,3,0,1
BRDA:27,3,1,0
BRDA:31,4,0,0
BRDA:43,5,0,1
BRDA:43,6,0,6
BRDA:44,7,0,1
BRDA:44,7,1,0
BRDA:44,7,2,1
BRDA:44,7,3,1
BRDA:44,7,4,1
BRDA:44,7,5,1
BRDA:44,7,6,1
BRDA:62,8,0,0
BRDA:62,9,0,8
BRDA:63,10,0,8
BRDA:63,10,1,0
BRDA:64,11,0,5
BRDA:64,11,1,3
BRDA:76,12,0,4
BRDA:76,12,1,0
BRDA:79,13,0,0
BRDA:79,14,0,0
BRDA:84,15,0,2
BRDA:84,15,1,0
BRDA:91,16,0,0
BRDA:93,17,0,2
BRDA:93,17,1,1
BRDA:96,18,0,1
BRDA:98,19,0,2
BRDA:98,19,1,1
BRDA:108,20,0,0
BRDA:117,21,0,1
BRDA:117,21,1,1
BRDA:123,22,0,1
BRDA:135,23,0,1
BRDA:153,24,0,1
BRDA:153,24,1,0
BRF:42
BRH:28
end_of_record
TN:
SF:adapters\optionalPackage.js
FN:2,(anonymous_0)
FN:4,(anonymous_1)
FN:10,(anonymous_2)
FN:15,(anonymous_3)
FNF:4
FNH:4
FNDA:30,(anonymous_0)
FNDA:2,(anonymous_1)
FNDA:2,(anonymous_2)
FNDA:2,(anonymous_3)
DA:3,30
DA:5,2
DA:11,2
DA:12,2
DA:16,2
DA:17,2
DA:19,1
DA:25,1
DA:32,2
LF:9
LH:9
BRF:0
BRH:0
end_of_record
TN:
SF:adapters\postgresql.js
FN:7,(anonymous_0)
FN:12,(anonymous_1)
FN:31,(anonymous_2)
FN:35,(anonymous_3)
FN:50,(anonymous_4)
FN:71,(anonymous_5)
FN:75,(anonymous_6)
FN:82,(anonymous_7)
FN:87,(anonymous_8)
FN:98,(anonymous_9)
FN:101,(anonymous_10)
FN:106,(anonymous_11)
FN:108,(anonymous_12)
FN:109,(anonymous_13)
FN:116,(anonymous_14)
FN:119,(anonymous_15)
FN:121,(anonymous_16)
FN:122,(anonymous_17)
FN:130,(anonymous_18)
FN:137,(anonymous_19)
FN:144,(anonymous_20)
FN:159,(anonymous_21)
FN:164,(anonymous_22)
FNF:23
FNH:23
FNDA:6,(anonymous_0)
FNDA:2,(anonymous_1)
FNDA:2,(anonymous_2)
FNDA:6,(anonymous_3)
FNDA:7,(anonymous_4)
FNDA:8,(anonymous_5)
FNDA:2,(anonymous_6)
FNDA:1,(anonymous_7)
FNDA:3,(anonymous_8)
FNDA:2,(anonymous_9)
FNDA:3,(anonymous_10)
FNDA:3,(anonymous_11)
FNDA:3,(anonymous_12)
FNDA:3,(anonymous_13)
FNDA:2,(anonymous_14)
FNDA:1,(anonymous_15)
FNDA:1,(anonymous_16)
FNDA:1,(anonymous_17)
FNDA:2,(anonymous_18)
FNDA:2,(anonymous_19)
FNDA:2,(anonymous_20)
FNDA:1,(anonymous_21)
FNDA:2,(anonymous_22)
DA:1,3
DA:2,3
DA:3,3
DA:4,3
DA:8,6
DA:9,6
DA:13,2
DA:14,2
DA:21,2
DA:22,2
DA:23,2
DA:24,2
DA:26,1
DA:27,1
DA:32,2
DA:33,2
DA:34,2
DA:35,6
DA:38,2
DA:46,1
DA:51,7
DA:53,6
DA:55,0
DA:57,1
DA:59,1
DA:61,1
DA:63,1
DA:65,1
DA:67,1
DA:72,8
DA:73,8
DA:74,8
DA:75,2
DA:76,2
DA:77,2
DA:79,2
DA:83,1
DA:84,1
DA:88,3
DA:89,3
DA:90,3
DA:91,3
DA:92,3
DA:93,3
DA:94,3
DA:95,3
DA:99,2
DA:100,2
DA:101,3
DA:102,2
DA:103,0
DA:104,0
DA:106,3
DA:107,2
DA:108,3
DA:109,3
DA:112,2
DA:113,2
DA:117,2
DA:118,2
DA:119,2
DA:120,2
DA:121,1
DA:122,1
DA:123,1
DA:127,1
DA:131,2
DA:132,2
DA:133,2
DA:134,2
DA:138,2
DA:139,2
DA:140,2
DA:141,2
DA:145,2
DA:146,2
DA:147,2
DA:148,2
DA:149,1
DA:150,1
DA:152,1
DA:153,1
DA:155,2
DA:160,1
DA:161,1
DA:165,2
DA:166,2
DA:170,3
LF:88
LH:85
BRDA:12,0,0,0
BRDA:14,1,0,1
BRDA:14,1,1,1
BRDA:34,2,0,2
BRDA:34,2,1,0
BRDA:34,2,2,0
BRDA:41,3,0,2
BRDA:41,3,1,0
BRDA:50,4,0,2
BRDA:50,5,0,6
BRDA:51,6,0,1
BRDA:51,6,1,6
BRDA:53,7,0,0
BRDA:53,7,1,1
BRDA:53,7,2,1
BRDA:53,7,3,1
BRDA:53,7,4,1
BRDA:53,7,5,1
BRDA:53,7,6,1
BRDA:71,8,0,0
BRDA:71,9,0,8
BRDA:73,10,0,8
BRDA:73,10,1,0
BRDA:74,11,0,6
BRDA:74,11,1,2
BRDA:82,12,0,0
BRDA:84,13,0,1
BRDA:84,13,1,1
BRDA:87,14,0,1
BRDA:87,15,0,1
BRDA:91,16,0,1
BRDA:91,16,1,2
BRDA:92,17,0,2
BRDA:92,17,1,1
BRDA:93,18,0,1
BRDA:93,18,1,2
BRDA:100,19,0,2
BRDA:100,19,1,2
BRDA:100,20,0,2
BRDA:100,20,1,0
BRDA:102,21,0,0
BRDA:102,21,1,2
BRDA:120,22,0,1
BRDA:120,22,1,1
BRDA:130,23,0,1
BRDA:137,24,0,1
BRDA:141,25,0,2
BRDA:141,25,1,1
BRDA:165,26,0,1
BRDA:165,26,1,1
BRF:50
BRH:40
end_of_record
TN:
SF:adapters\redis.js
FN:4,(anonymous_0)
FN:9,(anonymous_1)
FN:13,(anonymous_2)
FN:18,(anonymous_3)
FN:37,(anonymous_4)
FN:41,(anonymous_5)
FN:45,(anonymous_6)
FN:52,(anonymous_7)
FN:62,(anonymous_8)
FN:63,(anonymous_9)
FN:66,(anonymous_10)
FN:73,(anonymous_11)
FN:81,(anonymous_12)
FN:90,(anonymous_13)
FN:94,(anonymous_14)
FN:99,(anonymous_15)
FNF:16
FNH:15
FNDA:3,(anonymous_0)
FNDA:2,(anonymous_1)
FNDA:0,(anonymous_2)
FNDA:8,(anonymous_3)
FNDA:10,(anonymous_4)
FNDA:10,(anonymous_5)
FNDA:7,(anonymous_6)
FNDA:4,(anonymous_7)
FNDA:2,(anonymous_8)
FNDA:2,(anonymous_9)
FNDA:1,(anonymous_10)
FNDA:2,(anonymous_11)
FNDA:1,(anonymous_12)
FNDA:2,(anonymous_13)
FNDA:1,(anonymous_14)
FNDA:2,(anonymous_15)
DA:1,3
DA:5,3
DA:6,3
DA:10,2
DA:11,2
DA:12,2
DA:13,2
DA:14,2
DA:15,2
DA:19,8
DA:21,2
DA:23,1
DA:25,1
DA:27,1
DA:29,1
DA:31,1
DA:33,1
DA:38,10
DA:42,10
DA:46,7
DA:47,7
DA:48,6
DA:49,6
DA:53,4
DA:54,4
DA:55,4
DA:56,3
DA:57,3
DA:59,4
DA:63,2
DA:67,1
DA:68,1
DA:69,1
DA:70,1
DA:74,2
DA:75,2
DA:76,2
DA:77,2
DA:78,2
DA:82,1
DA:83,1
DA:84,1
DA:85,1
DA:87,1
DA:91,2
DA:95,1
DA:96,1
DA:100,2
DA:101,2
DA:105,3
LF:50
LH:50
BRDA:9,0,0,1
BRDA:11,1,0,1
BRDA:11,1,1,1
BRDA:18,2,0,2
BRDA:18,3,0,8
BRDA:19,4,0,2
BRDA:19,4,1,1
BRDA:19,4,2,1
BRDA:19,4,3,1
BRDA:19,4,4,1
BRDA:19,4,5,1
BRDA:19,4,6,1
BRDA:45,5,0,0
BRDA:47,6,0,1
BRDA:47,6,1,6
BRDA:49,7,0,4
BRDA:49,7,1,2
BRDA:52,8,0,1
BRDA:52,9,0,2
BRDA:55,10,0,4
BRDA:55,10,1,3
BRDA:57,11,0,2
BRDA:57,11,1,1
BRDA:57,12,0,3
BRDA:57,12,1,2
BRDA:62,13,0,0
BRDA:63,14,0,2
BRDA:63,14,1,0
BRDA:66,15,0,0
BRDA:67,16,0,1
BRDA:67,16,1,0
BRDA:73,17,0,0
BRDA:75,18,0,2
BRDA:75,18,1,1
BRDA:81,19,0,0
BRDA:100,20,0,2
BRDA:100,20,1,0
BRF:37
BRH:29
end_of_record
TN:
SF:adapters\sqlite.js
FN:7,(anonymous_0)
FN:14,(anonymous_1)
FN:30,(anonymous_2)
FN:37,(anonymous_3)
FN:41,(anonymous_4)
FN:54,(anonymous_5)
FN:63,(anonymous_6)
FN:82,(anonymous_7)
FN:86,(anonymous_8)
FN:87,(anonymous_9)
FN:91,(anonymous_10)
FN:103,(anonymous_11)
FN:110,(anonymous_12)
FN:115,(anonymous_13)
FN:118,(anonymous_14)
FN:120,(anonymous_15)
FN:120,(anonymous_16)
FN:121,(anonymous_17)
FN:127,(anonymous_18)
FN:130,(anonymous_19)
FN:133,(anonymous_20)
FN:134,(anonymous_21)
FN:140,(anonymous_22)
FN:148,(anonymous_23)
FN:155,(anonymous_24)
FN:161,(anonymous_25)
FN:166,(anonymous_26)
FNF:27
FNH:27
FNDA:3,(anonymous_0)
FNDA:3,(anonymous_1)
FNDA:8,(anonymous_2)
FNDA:3,(anonymous_3)
FNDA:6,(anonymous_4)
FNDA:10,(anonymous_5)
FNDA:8,(anonymous_6)
FNDA:7,(anonymous_7)
FNDA:4,(anonymous_8)
FNDA:4,(anonymous_9)
FNDA:7,(anonymous_10)
FNDA:2,(anonymous_11)
FNDA:2,(anonymous_12)
FNDA:2,(anonymous_13)
FNDA:8,(anonymous_14)
FNDA:8,(anonymous_15)
FNDA:8,(anonymous_16)
FNDA:8,(anonymous_17)
FNDA:2,(anonymous_18)
FNDA:1,(anonymous_19)
FNDA:1,(anonymous_20)
FNDA:1,(anonymous_21)
FNDA:1,(anonymous_22)
FNDA:4,(anonymous_23)
FNDA:10,(anonymous_24)
FNDA:1,(anonymous_25)
FNDA:3,(anonymous_26)
DA:1,3
DA:2,3
DA:3,3
DA:4,3
DA:8,3
DA:9,3
DA:10,3
DA:11,3
DA:15,3
DA:16,3
DA:17,3
DA:19,3
DA:20,1
DA:22,2
DA:25,3
DA:26,3
DA:27,3
DA:31,8
DA:32,5
DA:33,3
DA:34,2
DA:38,3
DA:39,2
DA:40,2
DA:41,6
DA:43,2
DA:55,10
DA:56,10
DA:57,9
DA:58,7
DA:59,5
DA:60,3
DA:64,8
DA:66,2
DA:68,0
DA:70,1
DA:72,1
DA:74,1
DA:76,2
DA:78,1
DA:83,7
DA:84,7
DA:85,4
DA:86,4
DA:87,4
DA:92,7
DA:93,7
DA:94,7
DA:95,7
DA:96,7
DA:97,7
DA:99,7
DA:104,2
DA:105,2
DA:106,2
DA:107,2
DA:111,2
DA:112,2
DA:116,2
DA:117,2
DA:118,8
DA:119,2
DA:120,8
DA:121,8
DA:123,2
DA:124,2
DA:128,2
DA:129,2
DA:130,2
DA:131,2
DA:132,1
DA:133,1
DA:134,1
DA:136,1
DA:137,1
DA:141,1
DA:142,1
DA:143,1
DA:144,1
DA:145,1
DA:149,4
DA:150,4
DA:151,4
DA:152,4
DA:156,10
DA:157,5
DA:158,5
DA:162,1
DA:163,1
DA:167,3
DA:168,3
DA:169,3
DA:173,3
LF:93
LH:92
BRDA:14,0,0,0
BRDA:14,1,0,0
BRDA:19,2,0,1
BRDA:19,2,1,2
BRDA:19,3,0,3
BRDA:19,3,1,2
BRDA:31,4,0,3
BRDA:31,4,1,5
BRDA:31,5,0,8
BRDA:31,5,1,7
BRDA:31,5,2,6
BRDA:32,6,0,2
BRDA:32,6,1,3
BRDA:32,7,0,2
BRDA:32,7,1,1
BRDA:33,8,0,1
BRDA:33,8,1,2
BRDA:37,9,0,0
BRDA:40,10,0,2
BRDA:40,10,1,0
BRDA:40,10,2,0
BRDA:46,11,0,2
BRDA:46,11,1,0
BRDA:56,12,0,1
BRDA:56,12,1,9
BRDA:57,13,0,2
BRDA:57,13,1,7
BRDA:58,14,0,2
BRDA:58,14,1,5
BRDA:59,15,0,2
BRDA:59,15,1,3
BRDA:63,16,0,1
BRDA:63,17,0,8
BRDA:64,18,0,2
BRDA:64,18,1,0
BRDA:64,18,2,1
BRDA:64,18,3,1
BRDA:64,18,4,1
BRDA:64,18,5,2
BRDA:64,18,6,1
BRDA:82,19,0,0
BRDA:83,20,0,7
BRDA:83,20,1,0
BRDA:84,21,0,3
BRDA:84,21,1,4
BRDA:91,22,0,1
BRDA:103,23,0,0
BRDA:103,24,0,0
BRDA:106,25,0,2
BRDA:106,25,1,0
BRDA:110,26,0,0
BRDA:112,27,0,2
BRDA:112,27,1,0
BRDA:115,28,0,0
BRDA:117,29,0,2
BRDA:117,29,1,2
BRDA:127,30,0,0
BRDA:131,31,0,1
BRDA:131,31,1,1
BRDA:140,32,0,0
BRDA:148,33,0,0
BRDA:152,34,0,4
BRDA:152,34,1,2
BRDA:156,35,0,5
BRDA:156,35,1,5
BRDA:156,36,0,10
BRDA:156,36,1,10
BRDA:168,37,0,3
BRDA:168,37,1,0
BRF:69
BRH:50
end_of_record
TN:
SF:adapters\supabase.js
FN:5,(anonymous_0)
FN:10,(anonymous_1)
FN:26,(anonymous_2)
FN:30,(anonymous_3)
FN:56,(anonymous_4)
FN:69,(anonymous_5)
FN:86,(anonymous_6)
FN:96,(anonymous_7)
FN:108,(anonymous_8)
FN:119,(anonymous_9)
FN:132,(anonymous_10)
FN:136,(anonymous_11)
FNF:12
FNH:12
FNDA:3,(anonymous_0)
FNDA:2,(anonymous_1)
FNDA:1,(anonymous_2)
FNDA:8,(anonymous_3)
FNDA:2,(anonymous_4)
FNDA:2,(anonymous_5)
FNDA:1,(anonymous_6)
FNDA:1,(anonymous_7)
FNDA:1,(anonymous_8)
FNDA:2,(anonymous_9)
FNDA:1,(anonymous_10)
FNDA:1,(anonymous_11)
DA:1,3
DA:2,3
DA:6,3
DA:7,3
DA:11,2
DA:12,2
DA:13,2
DA:14,2
DA:17,2
DA:18,1
DA:21,0
DA:22,0
DA:27,1
DA:31,8
DA:33,7
DA:34,7
DA:36,1
DA:38,1
DA:40,1
DA:42,1
DA:44,1
DA:46,1
DA:48,1
DA:51,1
DA:52,1
DA:57,2
DA:58,2
DA:65,2
DA:66,1
DA:70,2
DA:72,2
DA:73,1
DA:74,1
DA:78,2
DA:79,2
DA:81,2
DA:82,2
DA:83,1
DA:87,1
DA:92,1
DA:93,1
DA:97,1
DA:98,1
DA:104,1
DA:105,1
DA:109,1
DA:110,1
DA:115,1
DA:116,1
DA:120,2
DA:122,2
DA:123,1
DA:124,1
DA:128,2
DA:129,2
DA:133,1
DA:137,1
DA:141,3
LF:58
LH:56
BRDA:30,0,0,2
BRDA:30,1,0,7
BRDA:31,2,0,1
BRDA:31,2,1,7
BRDA:34,3,0,1
BRDA:34,3,1,1
BRDA:34,3,2,1
BRDA:34,3,3,1
BRDA:34,3,4,1
BRDA:34,3,5,1
BRDA:34,3,6,1
BRDA:65,4,0,1
BRDA:65,4,1,1
BRDA:69,5,0,0
BRDA:69,6,0,1
BRDA:72,7,0,1
BRDA:72,7,1,1
BRDA:78,8,0,1
BRDA:78,8,1,1
BRDA:79,9,0,1
BRDA:79,9,1,1
BRDA:79,10,0,1
BRDA:79,10,1,0
BRDA:82,11,0,1
BRDA:82,11,1,1
BRDA:83,12,0,1
BRDA:83,12,1,0
BRDA:92,13,0,0
BRDA:92,13,1,1
BRDA:104,14,0,0
BRDA:104,14,1,1
BRDA:115,15,0,0
BRDA:115,15,1,1
BRDA:119,16,0,0
BRDA:122,17,0,1
BRDA:122,17,1,1
BRDA:133,18,0,1
BRDA:133,18,1,0
BRF:38
BRH:30
end_of_record
TN:
SF:core\aiProviderManager.js
FN:2,(anonymous_0)
FN:15,(anonymous_1)
FN:23,(anonymous_2)
FN:52,(anonymous_3)
FN:65,(anonymous_4)
FN:82,(anonymous_5)
FN:101,(anonymous_6)
FN:118,(anonymous_7)
FN:133,(anonymous_8)
FN:138,(anonymous_9)
FN:140,(anonymous_10)
FN:146,(anonymous_11)
FN:151,(anonymous_12)
FN:154,(anonymous_13)
FN:165,(anonymous_14)
FN:167,(anonymous_15)
FN:168,(anonymous_16)
FN:172,(anonymous_17)
FN:175,(anonymous_18)
FN:176,(anonymous_19)
FN:180,(anonymous_20)
FN:182,(anonymous_21)
FNF:22
FNH:22
FNDA:8,(anonymous_0)
FNDA:22,(anonymous_1)
FNDA:9,(anonymous_2)
FNDA:8,(anonymous_3)
FNDA:3,(anonymous_4)
FNDA:2,(anonymous_5)
FNDA:2,(anonymous_6)
FNDA:2,(anonymous_7)
FNDA:2,(anonymous_8)
FNDA:1,(anonymous_9)
FNDA:3,(anonymous_10)
FNDA:1,(anonymous_11)
FNDA:10,(anonymous_12)
FNDA:2,(anonymous_13)
FNDA:3,(anonymous_14)
FNDA:3,(anonymous_15)
FNDA:2,(anonymous_16)
FNDA:3,(anonymous_17)
FNDA:3,(anonymous_18)
FNDA:2,(anonymous_19)
FNDA:4,(anonymous_20)
FNDA:3,(anonymous_21)
DA:3,8
DA:10,8
DA:16,22
DA:17,22
DA:18,1
DA:20,21
DA:24,9
DA:25,9
DA:26,6
DA:29,3
DA:30,1
DA:31,1
DA:34,1
DA:37,2
DA:38,1
DA:39,1
DA:42,1
DA:45,1
DA:46,1
DA:49,1
DA:53,8
DA:54,8
DA:56,7
DA:57,3
DA:59,4
DA:60,2
DA:62,2
DA:66,3
DA:67,3
DA:74,3
DA:83,2
DA:84,2
DA:93,2
DA:102,2
DA:103,2
DA:110,2
DA:119,2
DA:120,2
DA:121,1
DA:124,1
DA:125,1
DA:130,1
DA:133,2
DA:139,1
DA:140,1
DA:141,3
DA:142,1
DA:145,2
DA:146,1
DA:152,10
DA:153,6
DA:154,1
DA:155,2
DA:156,1
DA:159,5
DA:160,3
DA:162,2
DA:166,3
DA:167,3
DA:168,2
DA:173,3
DA:174,3
DA:175,3
DA:176,2
DA:181,4
DA:182,3
DA:187,2
LF:67
LH:67
BRDA:2,0,0,2
BRDA:4,1,0,8
BRDA:4,1,1,8
BRDA:4,1,2,7
BRDA:5,2,0,8
BRDA:5,2,1,8
BRDA:5,2,2,7
BRDA:6,3,0,8
BRDA:6,3,1,8
BRDA:6,3,2,7
BRDA:7,4,0,8
BRDA:7,4,1,8
BRDA:7,4,2,7
BRDA:11,5,0,8
BRDA:11,5,1,3
BRDA:15,6,0,0
BRDA:16,7,0,22
BRDA:16,7,1,0
BRDA:17,8,0,1
BRDA:17,8,1,21
BRDA:20,9,0,3
BRDA:20,9,1,18
BRDA:25,10,0,6
BRDA:25,10,1,3
BRDA:29,11,0,1
BRDA:29,11,1,2
BRDA:32,12,0,1
BRDA:32,12,1,0
BRDA:37,13,0,1
BRDA:37,13,1,1
BRDA:40,14,0,1
BRDA:40,14,1,0
BRDA:40,14,2,0
BRDA:47,15,0,1
BRDA:47,15,1,0
BRDA:52,16,0,0
BRDA:56,17,0,3
BRDA:56,17,1,4
BRDA:59,18,0,2
BRDA:59,18,1,2
BRDA:68,19,0,3
BRDA:68,19,1,2
BRDA:71,20,0,3
BRDA:71,20,1,3
BRDA:76,21,0,3
BRDA:76,21,1,1
BRDA:76,21,2,1
BRDA:77,22,0,3
BRDA:77,22,1,1
BRDA:85,23,0,2
BRDA:85,23,1,1
BRDA:95,24,0,2
BRDA:95,24,1,1
BRDA:96,25,0,2
BRDA:96,25,1,1
BRDA:104,26,0,2
BRDA:104,26,1,1
BRDA:105,27,0,2
BRDA:105,27,1,2
BRDA:112,28,0,2
BRDA:112,28,1,0
BRDA:112,28,2,0
BRDA:118,29,0,0
BRDA:119,30,0,2
BRDA:119,30,1,1
BRDA:120,31,0,1
BRDA:120,31,1,1
BRDA:126,32,0,1
BRDA:126,32,1,0
BRDA:126,32,2,0
BRDA:126,32,3,0
BRDA:132,33,0,1
BRDA:132,33,1,0
BRDA:132,33,2,0
BRDA:138,34,0,0
BRDA:139,35,0,1
BRDA:139,35,1,0
BRDA:141,36,0,1
BRDA:141,36,1,2
BRDA:141,37,0,3
BRDA:141,37,1,2
BRDA:145,38,0,2
BRDA:145,38,1,2
BRDA:152,39,0,4
BRDA:152,39,1,6
BRDA:153,40,0,1
BRDA:153,40,1,5
BRDA:155,41,0,1
BRDA:155,41,1,1
BRDA:156,42,0,1
BRDA:156,42,1,0
BRDA:156,43,0,1
BRDA:156,43,1,0
BRDA:159,44,0,3
BRDA:159,44,1,2
BRDA:159,45,0,5
BRDA:159,45,1,3
BRDA:160,46,0,3
BRDA:160,46,1,2
BRDA:160,46,2,1
BRDA:166,47,0,3
BRDA:166,47,1,1
BRDA:167,48,0,3
BRDA:167,48,1,1
BRDA:168,49,0,2
BRDA:168,49,1,1
BRDA:173,50,0,3
BRDA:173,50,1,1
BRDA:175,51,0,3
BRDA:175,51,1,2
BRDA:175,51,2,1
BRDA:176,52,0,2
BRDA:176,52,1,1
BRDA:181,53,0,4
BRDA:181,53,1,1
BRDA:182,54,0,3
BRDA:182,54,1,1
BRF:117
BRH:98
end_of_record
TN:
SF:core\apiToolkit.js
FN:6,(anonymous_0)
FN:18,(anonymous_1)
FN:23,(anonymous_2)
FN:28,(anonymous_3)
FN:29,(anonymous_4)
FN:36,(anonymous_5)
FN:51,(anonymous_6)
FN:56,(anonymous_7)
FN:64,(anonymous_8)
FN:75,(anonymous_9)
FN:85,(anonymous_10)
FN:87,(anonymous_11)
FN:99,(anonymous_12)
FN:110,(anonymous_13)
FN:111,(anonymous_14)
FN:133,(anonymous_15)
FN:134,(anonymous_16)
FN:146,(anonymous_17)
FN:148,(anonymous_18)
FN:151,(anonymous_19)
FN:151,(anonymous_20)
FN:155,(anonymous_21)
FN:162,(anonymous_22)
FNF:23
FNH:23
FNDA:6,(anonymous_0)
FNDA:2,(anonymous_1)
FNDA:1,(anonymous_2)
FNDA:2,(anonymous_3)
FNDA:2,(anonymous_4)
FNDA:1,(anonymous_5)
FNDA:1,(anonymous_6)
FNDA:1,(anonymous_7)
FNDA:2,(anonymous_8)
FNDA:1,(anonymous_9)
FNDA:3,(anonymous_10)
FNDA:5,(anonymous_11)
FNDA:1,(anonymous_12)
FNDA:3,(anonymous_13)
FNDA:3,(anonymous_14)
FNDA:2,(anonymous_15)
FNDA:2,(anonymous_16)
FNDA:2,(anonymous_17)
FNDA:6,(anonymous_18)
FNDA:2,(anonymous_19)
FNDA:3,(anonymous_20)
FNDA:2,(anonymous_21)
FNDA:2,(anonymous_22)
DA:1,1
DA:2,1
DA:3,1
DA:7,6
DA:13,6
DA:14,6
DA:15,6
DA:19,2
DA:20,2
DA:24,1
DA:25,1
DA:29,2
DA:30,2
DA:31,2
DA:32,2
DA:35,1
DA:36,1
DA:37,1
DA:38,1
DA:39,1
DA:41,1
DA:44,1
DA:46,1
DA:52,1
DA:53,1
DA:57,1
DA:58,1
DA:59,1
DA:61,1
DA:65,2
DA:69,2
DA:70,2
DA:72,2
DA:76,1
DA:77,1
DA:78,2
DA:79,1
DA:82,1
DA:86,3
DA:87,2
DA:88,5
DA:89,5
DA:90,4
DA:91,2
DA:93,2
DA:95,4
DA:100,1
DA:111,3
DA:112,3
DA:113,3
DA:114,2
DA:119,2
DA:120,2
DA:121,1
DA:123,1
DA:124,1
DA:126,1
DA:128,1
DA:134,2
DA:135,2
DA:136,2
DA:137,2
DA:138,2
DA:139,1
DA:140,1
DA:142,2
DA:147,2
DA:148,6
DA:149,2
DA:151,3
DA:156,2
DA:162,2
DA:174,1
LF:73
LH:73
BRDA:6,0,0,5
BRDA:64,1,0,0
BRDA:66,2,0,2
BRDA:66,2,1,0
BRDA:69,3,0,2
BRDA:69,3,1,0
BRDA:69,4,0,2
BRDA:69,4,1,1
BRDA:70,5,0,2
BRDA:70,5,1,1
BRDA:75,6,0,0
BRDA:75,7,0,0
BRDA:78,8,0,1
BRDA:78,8,1,1
BRDA:78,9,0,2
BRDA:78,9,1,2
BRDA:85,10,0,1
BRDA:86,11,0,1
BRDA:86,11,1,2
BRDA:89,12,0,1
BRDA:89,12,1,4
BRDA:90,13,0,2
BRDA:90,13,1,2
BRDA:99,14,0,0
BRDA:113,15,0,1
BRDA:113,15,1,2
BRDA:119,16,0,2
BRDA:119,16,1,0
BRDA:120,17,0,1
BRDA:120,17,1,1
BRDA:120,18,0,2
BRDA:120,18,1,2
BRDA:123,19,0,1
BRDA:123,19,1,0
BRDA:123,20,0,1
BRDA:123,20,1,1
BRDA:133,21,0,1
BRDA:135,22,0,2
BRDA:135,22,1,1
BRDA:136,23,0,1
BRDA:136,23,1,1
BRDA:137,24,0,1
BRDA:137,24,1,1
BRDA:138,25,0,1
BRDA:138,25,1,1
BRDA:146,26,0,0
BRDA:146,27,0,1
BRDA:147,28,0,2
BRDA:147,28,1,1
BRDA:147,29,0,1
BRDA:147,29,1,0
BRDA:148,30,0,6
BRDA:148,30,1,1
BRDA:155,31,0,0
BRDA:155,32,0,1
BRDA:155,33,0,0
BRDA:155,34,0,1
BRDA:163,35,0,2
BRDA:163,35,1,1
BRDA:163,36,0,1
BRDA:163,36,1,1
BRDA:165,37,0,2
BRDA:165,37,1,1
BRDA:167,38,0,2
BRDA:167,38,1,1
BRF:65
BRH:53
end_of_record
TN:
SF:core\auth.js
FN:7,(anonymous_0)
FN:20,(anonymous_1)
FN:25,(anonymous_2)
FN:30,(anonymous_3)
FN:34,(anonymous_4)
FN:42,(anonymous_5)
FN:57,(anonymous_6)
FN:66,(anonymous_7)
FN:74,(anonymous_8)
FN:87,(anonymous_9)
FN:93,(anonymous_10)
FN:108,(anonymous_11)
FN:109,(anonymous_12)
FN:134,(anonymous_13)
FN:173,(anonymous_14)
FN:203,(anonymous_15)
FN:213,(anonymous_16)
FN:233,(anonymous_17)
FN:244,(anonymous_18)
FN:264,(anonymous_19)
FN:265,(anonymous_20)
FNF:21
FNH:21
FNDA:5,(anonymous_0)
FNDA:3,(anonymous_1)
FNDA:3,(anonymous_2)
FNDA:1,(anonymous_3)
FNDA:5,(anonymous_4)
FNDA:4,(anonymous_5)
FNDA:4,(anonymous_6)
FNDA:3,(anonymous_7)
FNDA:3,(anonymous_8)
FNDA:1,(anonymous_9)
FNDA:1,(anonymous_10)
FNDA:2,(anonymous_11)
FNDA:2,(anonymous_12)
FNDA:1,(anonymous_13)
FNDA:1,(anonymous_14)
FNDA:1,(anonymous_15)
FNDA:2,(anonymous_16)
FNDA:1,(anonymous_17)
FNDA:1,(anonymous_18)
FNDA:1,(anonymous_19)
FNDA:1,(anonymous_20)
DA:1,1
DA:2,1
DA:3,1
DA:4,1
DA:8,5
DA:9,5
DA:10,5
DA:11,5
DA:12,5
DA:13,5
DA:14,5
DA:15,5
DA:16,5
DA:17,5
DA:21,3
DA:22,3
DA:26,3
DA:27,3
DA:31,1
DA:35,5
DA:43,4
DA:44,4
DA:49,4
DA:54,4
DA:58,4
DA:67,3
DA:68,3
DA:70,0
DA:75,3
DA:76,3
DA:77,3
DA:78,3
DA:79,1
DA:81,2
DA:83,1
DA:88,1
DA:89,1
DA:90,1
DA:94,1
DA:95,1
DA:96,1
DA:98,0
DA:100,1
DA:101,1
DA:102,1
DA:103,1
DA:105,1
DA:109,2
DA:110,2
DA:112,2
DA:113,1
DA:119,1
DA:121,1
DA:122,1
DA:123,1
DA:124,1
DA:126,0
DA:135,1
DA:136,0
DA:139,1
DA:140,1
DA:144,1
DA:145,0
DA:148,1
DA:150,1
DA:151,0
DA:154,1
DA:155,1
DA:157,1
DA:169,0
DA:174,1
DA:175,0
DA:178,1
DA:180,1
DA:182,1
DA:184,1
DA:185,1
DA:187,1
DA:199,0
DA:204,1
DA:205,1
DA:210,1
DA:214,2
DA:215,2
DA:216,1
DA:219,1
DA:220,1
DA:221,1
DA:223,1
DA:224,1
DA:230,1
DA:234,1
DA:235,1
DA:241,1
DA:245,1
DA:246,1
DA:247,0
DA:250,1
DA:251,1
DA:253,1
DA:254,1
DA:261,1
DA:265,1
DA:266,1
DA:267,0
DA:272,1
DA:277,1
LF:107
LH:96
BRDA:7,0,0,0
BRDA:9,1,0,5
BRDA:9,1,1,1
BRDA:9,1,2,1
BRDA:10,2,0,5
BRDA:10,2,1,4
BRDA:10,2,2,4
BRDA:11,3,0,5
BRDA:11,3,1,2
BRDA:11,3,2,2
BRDA:12,4,0,5
BRDA:12,4,1,4
BRDA:12,4,2,4
BRDA:13,5,0,5
BRDA:13,5,1,4
BRDA:14,6,0,5
BRDA:14,6,1,4
BRDA:34,7,0,0
BRDA:42,8,0,0
BRDA:57,9,0,0
BRDA:78,10,0,1
BRDA:78,10,1,2
BRDA:78,11,0,3
BRDA:78,11,1,3
BRDA:87,12,0,0
BRDA:96,13,0,1
BRDA:96,13,1,1
BRDA:101,14,0,1
BRDA:101,14,1,0
BRDA:112,15,0,1
BRDA:112,15,1,1
BRDA:112,16,0,2
BRDA:112,16,1,1
BRDA:135,17,0,0
BRDA:135,17,1,1
BRDA:144,18,0,0
BRDA:144,18,1,1
BRDA:150,19,0,0
BRDA:150,19,1,1
BRDA:154,20,0,1
BRDA:154,20,1,0
BRDA:164,21,0,1
BRDA:164,21,1,1
BRDA:165,22,0,1
BRDA:165,22,1,0
BRDA:174,23,0,0
BRDA:174,23,1,1
BRDA:184,24,0,1
BRDA:184,24,1,0
BRDA:194,25,0,1
BRDA:194,25,1,1
BRDA:195,26,0,1
BRDA:195,26,1,1
BRDA:213,27,0,0
BRDA:215,28,0,1
BRDA:215,28,1,1
BRDA:215,29,0,2
BRDA:215,29,1,2
BRDA:215,29,2,1
BRDA:223,30,0,1
BRDA:223,30,1,0
BRDA:223,31,0,1
BRDA:223,31,1,1
BRDA:244,32,0,0
BRDA:246,33,0,0
BRDA:246,33,1,1
BRDA:246,34,0,1
BRDA:246,34,1,1
BRDA:246,34,2,1
BRDA:253,35,0,1
BRDA:253,35,1,0
BRDA:253,36,0,1
BRDA:253,36,1,1
BRDA:266,37,0,0
BRDA:266,37,1,1
BRDA:266,38,0,1
BRDA:266,38,1,1
BRF:77
BRH:58
end_of_record
TN:
SF:core\backupManager.js
FN:7,(anonymous_0)
FN:17,(anonymous_1)
FN:30,(anonymous_2)
FN:49,(anonymous_3)
FN:68,(anonymous_4)
FN:70,(anonymous_5)
FN:71,(anonymous_6)
FN:76,(anonymous_7)
FN:79,(anonymous_8)
FNF:9
FNH:9
FNDA:4,(anonymous_0)
FNDA:1,(anonymous_1)
FNDA:2,(anonymous_2)
FNDA:3,(anonymous_3)
FNDA:2,(anonymous_4)
FNDA:5,(anonymous_5)
FNDA:4,(anonymous_6)
FNDA:2,(anonymous_7)
FNDA:1,(anonymous_8)
DA:1,1
DA:2,1
DA:3,1
DA:4,1
DA:8,4
DA:14,4
DA:18,1
DA:19,1
DA:20,1
DA:21,1
DA:22,1
DA:24,1
DA:25,1
DA:26,1
DA:27,1
DA:31,2
DA:32,2
DA:33,2
DA:35,2
DA:36,1
DA:39,1
DA:40,1
DA:41,2
DA:45,1
DA:46,1
DA:50,3
DA:51,2
DA:54,1
DA:55,1
DA:56,1
DA:57,2
DA:58,2
DA:61,1
DA:69,2
DA:70,5
DA:71,4
DA:76,2
DA:80,1
DA:81,1
DA:82,1
DA:87,1
LF:41
LH:41
BRDA:7,0,0,0
BRDA:9,1,0,4
BRDA:9,1,1,0
BRDA:11,2,0,4
BRDA:11,2,1,3
BRDA:17,3,0,1
BRDA:19,4,0,1
BRDA:19,4,1,0
BRDA:24,5,0,1
BRDA:24,5,1,0
BRDA:32,6,0,1
BRDA:32,6,1,1
BRDA:35,7,0,1
BRDA:35,7,1,1
BRDA:35,8,0,2
BRDA:35,8,1,2
BRDA:39,9,0,1
BRDA:39,9,1,0
BRDA:46,10,0,1
BRDA:46,10,1,0
BRDA:50,11,0,2
BRDA:50,11,1,1
BRDA:50,12,0,3
BRDA:50,12,1,3
BRDA:55,13,0,1
BRDA:55,13,1,0
BRDA:55,13,2,0
BRDA:57,14,0,2
BRDA:57,14,1,1
BRDA:68,15,0,0
BRDA:70,16,0,5
BRDA:70,16,1,5
BRF:32
BRH:23
end_of_record
TN:
SF:core\cache.js
FN:11,(anonymous_0)
FN:39,(anonymous_1)
FN:49,(anonymous_2)
FN:62,(anonymous_3)
FN:68,(anonymous_4)
FN:81,(anonymous_5)
FN:89,(anonymous_6)
FN:98,(anonymous_7)
FN:110,(anonymous_8)
FN:139,(anonymous_9)
FN:168,(anonymous_10)
FN:181,(anonymous_11)
FN:187,(anonymous_12)
FN:199,(anonymous_13)
FN:202,(anonymous_14)
FN:203,(anonymous_15)
FN:227,(anonymous_16)
FN:236,(anonymous_17)
FN:253,(anonymous_18)
FN:265,(anonymous_19)
FN:281,(anonymous_20)
FN:290,(anonymous_21)
FN:303,(anonymous_22)
FN:316,(anonymous_23)
FNF:24
FNH:22
FNDA:8,(anonymous_0)
FNDA:2,(anonymous_1)
FNDA:1,(anonymous_2)
FNDA:2,(anonymous_3)
FNDA:0,(anonymous_4)
FNDA:20,(anonymous_5)
FNDA:6,(anonymous_6)
FNDA:4,(anonymous_7)
FNDA:9,(anonymous_8)
FNDA:9,(anonymous_9)
FNDA:2,(anonymous_10)
FNDA:2,(anonymous_11)
FNDA:1,(anonymous_12)
FNDA:3,(anonymous_13)
FNDA:3,(anonymous_14)
FNDA:2,(anonymous_15)
FNDA:0,(anonymous_16)
FNDA:1010,(anonymous_17)
FNDA:7,(anonymous_18)
FNDA:9,(anonymous_19)
FNDA:21,(anonymous_20)
FNDA:5,(anonymous_21)
FNDA:1,(anonymous_22)
FNDA:1,(anonymous_23)
DA:7,1
DA:8,1
DA:12,8
DA:21,8
DA:22,8
DA:23,8
DA:31,8
DA:32,8
DA:33,8
DA:34,8
DA:35,8
DA:36,8
DA:40,2
DA:41,2
DA:49,2
DA:50,1
DA:53,2
DA:54,1
DA:55,1
DA:56,1
DA:58,1
DA:63,2
DA:64,2
DA:65,2
DA:67,2
DA:68,0
DA:71,2
DA:72,2
DA:73,2
DA:74,2
DA:82,20
DA:83,20
DA:90,6
DA:91,2
DA:92,2
DA:99,4
DA:100,2
DA:102,2
DA:103,2
DA:104,2
DA:111,9
DA:114,9
DA:115,3
DA:116,3
DA:117,2
DA:118,1
DA:119,1
DA:122,1
DA:127,8
DA:128,3
DA:129,3
DA:132,5
DA:133,5
DA:140,9
DA:141,9
DA:144,9
DA:145,9
DA:146,9
DA:149,9
DA:150,4
DA:151,4
DA:152,4
DA:158,3
DA:162,9
DA:169,2
DA:170,2
DA:171,2
DA:182,2
DA:183,2
DA:184,2
DA:185,2
DA:186,2
DA:187,1
DA:189,2
DA:190,2
DA:193,2
DA:200,3
DA:201,2
DA:202,3
DA:203,2
DA:205,2
DA:206,2
DA:208,2
DA:209,1
DA:210,1
DA:214,1
DA:215,1
DA:216,1
DA:217,1
DA:218,1
DA:221,3
DA:228,0
DA:229,0
DA:237,1010
DA:238,1010
DA:239,0
DA:242,1010
DA:243,1010
DA:244,1010
DA:246,1010
DA:248,1
DA:249,1
DA:254,7
DA:255,7
DA:256,6
DA:257,6
DA:259,7
DA:266,9
DA:267,1
DA:268,1
DA:270,1
DA:271,1
DA:272,1
DA:273,1
DA:282,21
DA:283,18
DA:291,5
DA:292,5
DA:304,1
DA:317,1
DA:318,1
DA:319,1
DA:320,1
DA:321,1
DA:322,1
DA:327,1
LF:126
LH:122
BRDA:11,0,0,0
BRDA:13,1,0,8
BRDA:13,1,1,7
BRDA:13,1,2,7
BRDA:14,2,0,8
BRDA:14,2,1,8
BRDA:15,3,0,8
BRDA:15,3,1,7
BRDA:62,4,0,0
BRDA:67,5,0,0
BRDA:67,5,1,2
BRDA:67,6,0,2
BRDA:67,6,1,2
BRDA:71,7,0,2
BRDA:71,7,1,0
BRDA:72,8,0,2
BRDA:72,8,1,0
BRDA:90,9,0,4
BRDA:90,9,1,2
BRDA:99,10,0,2
BRDA:99,10,1,2
BRDA:100,11,0,1
BRDA:100,11,1,1
BRDA:103,12,0,0
BRDA:103,12,1,2
BRDA:110,13,0,9
BRDA:114,14,0,3
BRDA:114,14,1,6
BRDA:117,15,0,1
BRDA:117,15,1,1
BRDA:127,16,0,3
BRDA:127,16,1,5
BRDA:139,17,0,6
BRDA:141,18,0,9
BRDA:141,18,1,6
BRDA:149,19,0,4
BRDA:149,19,1,5
BRDA:155,20,0,1
BRDA:155,20,1,3
BRDA:168,21,0,2
BRDA:184,22,0,2
BRDA:184,22,1,0
BRDA:186,23,0,1
BRDA:186,23,1,1
BRDA:199,24,0,1
BRDA:200,25,0,2
BRDA:200,25,1,1
BRDA:208,26,0,1
BRDA:208,26,1,1
BRDA:209,27,0,1
BRDA:209,27,1,0
BRDA:217,28,0,1
BRDA:217,28,1,0
BRDA:238,29,0,0
BRDA:238,29,1,1010
BRDA:246,30,0,1
BRDA:246,30,1,1009
BRDA:255,31,0,6
BRDA:255,31,1,1
BRDA:266,32,0,1
BRDA:266,32,1,8
BRDA:271,33,0,0
BRDA:271,33,1,1
BRDA:282,34,0,18
BRDA:282,34,1,3
BRDA:291,35,0,5
BRDA:291,35,1,3
BRDA:317,36,0,1
BRDA:317,36,1,0
BRF:69
BRH:57
end_of_record
TN:
SF:core\compliance.js
FN:5,(anonymous_0)
FN:16,(anonymous_1)
FN:24,(anonymous_2)
FN:34,(anonymous_3)
FN:48,(anonymous_4)
FN:53,(anonymous_5)
FN:58,(anonymous_6)
FN:59,(anonymous_7)
FN:67,(anonymous_8)
FN:74,(anonymous_9)
FN:80,(anonymous_10)
FN:81,(anonymous_11)
FN:96,(anonymous_12)
FN:100,(anonymous_13)
FN:108,(anonymous_14)
FNF:15
FNH:15
FNDA:4,(anonymous_0)
FNDA:1,(anonymous_1)
FNDA:1,(anonymous_2)
FNDA:1,(anonymous_3)
FNDA:2,(anonymous_4)
FNDA:4,(anonymous_5)
FNDA:1,(anonymous_6)
FNDA:1,(anonymous_7)
FNDA:1,(anonymous_8)
FNDA:3,(anonymous_9)
FNDA:1,(anonymous_10)
FNDA:1,(anonymous_11)
FNDA:4,(anonymous_12)
FNDA:1,(anonymous_13)
FNDA:1,(anonymous_14)
DA:1,1
DA:2,1
DA:6,4
DA:11,4
DA:12,4
DA:13,4
DA:17,1
DA:18,1
DA:19,1
DA:20,1
DA:21,1
DA:25,1
DA:26,1
DA:27,1
DA:28,1
DA:35,1
DA:43,1
DA:44,1
DA:45,1
DA:49,2
DA:50,2
DA:54,4
DA:55,4
DA:59,1
DA:60,1
DA:61,1
DA:63,0
DA:68,1
DA:69,1
DA:70,1
DA:71,1
DA:75,3
DA:76,3
DA:77,3
DA:81,1
DA:82,1
DA:83,1
DA:84,0
DA:92,1
DA:97,4
DA:101,1
DA:109,1
DA:110,1
DA:111,4
DA:113,1
DA:117,1
LF:46
LH:44
BRDA:5,0,0,0
BRDA:7,1,0,4
BRDA:7,1,1,3
BRDA:7,1,2,3
BRDA:8,2,0,4
BRDA:8,2,1,0
BRDA:34,3,0,0
BRDA:36,4,0,1
BRDA:36,4,1,0
BRDA:48,5,0,0
BRDA:55,6,0,4
BRDA:55,6,1,3
BRDA:55,6,2,2
BRDA:60,7,0,1
BRDA:60,7,1,0
BRDA:67,8,0,0
BRDA:74,9,0,0
BRDA:76,10,0,0
BRDA:76,10,1,3
BRDA:76,11,0,3
BRDA:76,11,1,3
BRDA:77,12,0,3
BRDA:77,12,1,3
BRDA:77,12,2,1
BRDA:80,13,0,0
BRDA:82,14,0,1
BRDA:82,14,1,0
BRDA:83,15,0,0
BRDA:83,15,1,1
BRDA:83,16,0,1
BRDA:83,16,1,1
BRDA:103,17,0,1
BRDA:103,17,1,0
BRDA:108,18,0,1
BRDA:111,19,0,2
BRDA:111,19,1,2
BRF:36
BRH:23
end_of_record
TN:
SF:core\connectionPool.js
FN:7,(anonymous_0)
FN:41,(anonymous_1)
FN:60,(anonymous_2)
FN:77,(anonymous_3)
FN:89,(anonymous_4)
FN:93,(anonymous_5)
FN:118,(anonymous_6)
FN:124,(anonymous_7)
FN:138,(anonymous_8)
FN:162,(anonymous_9)
FN:170,(anonymous_10)
FN:171,(anonymous_11)
FN:199,(anonymous_12)
FN:210,(anonymous_13)
FN:231,(anonymous_14)
FN:249,(anonymous_15)
FN:273,(anonymous_16)
FN:274,(anonymous_17)
FN:275,(anonymous_18)
FN:284,(anonymous_19)
FN:294,(anonymous_20)
FN:312,(anonymous_21)
FN:314,(anonymous_22)
FN:323,(anonymous_23)
FN:331,(anonymous_24)
FNF:25
FNH:23
FNDA:8,(anonymous_0)
FNDA:5,(anonymous_1)
FNDA:15,(anonymous_2)
FNDA:1,(anonymous_3)
FNDA:5,(anonymous_4)
FNDA:4,(anonymous_5)
FNDA:2,(anonymous_6)
FNDA:1,(anonymous_7)
FNDA:5,(anonymous_8)
FNDA:1,(anonymous_9)
FNDA:2,(anonymous_10)
FNDA:0,(anonymous_11)
FNDA:3,(anonymous_12)
FNDA:3,(anonymous_13)
FNDA:4,(anonymous_14)
FNDA:3,(anonymous_15)
FNDA:5,(anonymous_16)
FNDA:1,(anonymous_17)
FNDA:0,(anonymous_18)
FNDA:6,(anonymous_19)
FNDA:9,(anonymous_20)
FNDA:9,(anonymous_21)
FNDA:10,(anonymous_22)
FNDA:6,(anonymous_23)
FNDA:2,(anonymous_24)
DA:8,8
DA:21,8
DA:22,8
DA:23,8
DA:24,8
DA:34,8
DA:35,8
DA:42,5
DA:45,5
DA:46,5
DA:47,6
DA:50,5
DA:51,5
DA:52,5
DA:53,5
DA:54,5
DA:61,15
DA:62,15
DA:63,12
DA:64,12
DA:65,12
DA:66,12
DA:68,12
DA:69,12
DA:70,12
DA:72,12
DA:74,3
DA:76,3
DA:77,1
DA:78,1
DA:81,2
DA:82,2
DA:90,5
DA:93,5
DA:94,4
DA:97,5
DA:98,3
DA:99,3
DA:100,3
DA:101,3
DA:102,3
DA:106,2
DA:107,1
DA:108,1
DA:109,0
DA:110,0
DA:111,0
DA:118,2
DA:119,2
DA:120,2
DA:121,2
DA:124,2
DA:125,1
DA:126,1
DA:127,1
DA:128,1
DA:129,1
DA:139,5
DA:140,5
DA:142,4
DA:143,4
DA:144,4
DA:147,4
DA:148,1
DA:149,1
DA:150,1
DA:151,1
DA:152,1
DA:153,1
DA:155,3
DA:163,1
DA:165,1
DA:166,2
DA:168,2
DA:171,2
DA:174,1
DA:176,1
DA:177,1
DA:182,1
DA:183,1
DA:186,1
DA:187,1
DA:191,1
DA:192,0
DA:201,3
DA:202,2
DA:204,1
DA:211,3
DA:214,3
DA:217,3
DA:218,2
DA:219,2
DA:220,3
DA:221,3
DA:223,1
DA:226,2
DA:230,3
DA:231,4
DA:232,1
DA:237,1
DA:238,2
DA:239,2
DA:242,1
DA:250,3
DA:251,3
DA:252,3
DA:253,3
DA:254,0
DA:256,3
DA:258,3
DA:260,3
DA:261,3
DA:262,3
DA:265,1
DA:274,5
DA:275,1
DA:276,0
DA:285,6
DA:286,5
DA:287,5
DA:295,9
DA:313,9
DA:314,7
DA:315,10
DA:317,7
DA:324,6
DA:327,6
DA:328,6
DA:330,6
DA:331,2
DA:335,6
DA:336,9
DA:337,9
DA:338,9
DA:341,0
DA:345,6
DA:346,6
DA:347,6
DA:348,6
DA:349,6
DA:350,6
DA:351,6
DA:355,1
LF:143
LH:136
BRDA:7,0,0,0
BRDA:9,1,0,8
BRDA:9,1,1,3
BRDA:10,2,0,8
BRDA:10,2,1,4
BRDA:11,3,0,8
BRDA:11,3,1,6
BRDA:12,4,0,8
BRDA:12,4,1,8
BRDA:13,5,0,8
BRDA:13,5,1,1
BRDA:16,6,0,8
BRDA:16,6,1,7
BRDA:17,7,0,8
BRDA:17,7,1,7
BRDA:60,8,0,14
BRDA:76,9,0,1
BRDA:76,9,1,2
BRDA:89,10,0,4
BRDA:90,11,0,5
BRDA:90,11,1,4
BRDA:94,12,0,4
BRDA:94,12,1,3
BRDA:97,13,0,3
BRDA:97,13,1,2
BRDA:106,14,0,1
BRDA:106,14,1,1
BRDA:126,15,0,1
BRDA:126,15,1,0
BRDA:139,16,0,0
BRDA:139,16,1,5
BRDA:140,17,0,1
BRDA:140,17,1,4
BRDA:147,18,0,1
BRDA:147,18,1,3
BRDA:186,19,0,1
BRDA:186,19,1,0
BRDA:191,20,0,0
BRDA:191,20,1,1
BRDA:201,21,0,2
BRDA:201,21,1,1
BRDA:211,22,0,0
BRDA:211,22,1,3
BRDA:217,23,0,2
BRDA:217,23,1,1
BRDA:217,24,0,3
BRDA:217,24,1,2
BRDA:230,25,0,1
BRDA:230,25,1,2
BRDA:230,26,0,3
BRDA:230,26,1,1
BRDA:238,27,0,2
BRDA:238,27,1,0
BRDA:251,28,0,3
BRDA:251,28,1,0
BRDA:253,29,0,0
BRDA:253,29,1,3
BRDA:261,30,0,3
BRDA:261,30,1,0
BRDA:285,31,0,5
BRDA:285,31,1,1
BRDA:301,32,0,2
BRDA:301,32,1,7
BRDA:313,33,0,2
BRDA:313,33,1,7
BRDA:330,34,0,8
BRDA:330,34,1,2
BRDA:337,35,0,9
BRDA:337,35,1,0
BRF:69
BRH:58
end_of_record
TN:
SF:core\database.js
FN:21,(anonymous_0)
FN:61,(anonymous_1)
FN:102,(anonymous_2)
FN:111,(anonymous_3)
FN:120,(anonymous_4)
FN:124,(anonymous_5)
FN:128,(anonymous_6)
FN:135,(anonymous_7)
FN:139,(anonymous_8)
FN:148,(anonymous_9)
FN:157,(anonymous_10)
FN:169,(anonymous_11)
FN:185,(anonymous_12)
FNF:13
FNH:12
FNDA:7,(anonymous_0)
FNDA:5,(anonymous_1)
FNDA:2,(anonymous_2)
FNDA:2,(anonymous_3)
FNDA:0,(anonymous_4)
FNDA:1,(anonymous_5)
FNDA:4,(anonymous_6)
FNDA:1,(anonymous_7)
FNDA:2,(anonymous_8)
FNDA:2,(anonymous_9)
FNDA:1,(anonymous_10)
FNDA:1,(anonymous_11)
FNDA:2,(anonymous_12)
DA:1,1
DA:2,1
DA:3,1
DA:5,1
DA:6,1
DA:7,1
DA:8,1
DA:9,1
DA:10,1
DA:11,1
DA:12,1
DA:13,1
DA:14,1
DA:15,1
DA:16,1
DA:17,1
DA:18,1
DA:22,7
DA:23,7
DA:24,7
DA:25,7
DA:62,5
DA:63,5
DA:65,5
DA:67,5
DA:68,5
DA:69,5
DA:71,5
DA:72,1
DA:73,1
DA:76,4
DA:77,4
DA:78,4
DA:80,3
DA:81,3
DA:83,3
DA:84,2
DA:85,2
DA:88,3
DA:90,1
DA:91,1
DA:95,3
DA:96,1
DA:99,2
DA:103,2
DA:104,1
DA:107,1
DA:108,1
DA:112,2
DA:113,2
DA:114,1
DA:116,1
DA:117,1
DA:121,0
DA:125,1
DA:129,4
DA:130,5
DA:132,0
DA:136,1
DA:140,2
DA:141,2
DA:142,1
DA:144,1
DA:145,1
DA:149,2
DA:150,2
DA:151,1
DA:153,1
DA:154,1
DA:158,1
DA:159,2
DA:160,2
DA:161,2
DA:162,0
DA:163,0
DA:164,0
DA:170,1
DA:171,1
DA:173,1
DA:174,2
DA:175,2
DA:177,1
DA:178,1
DA:182,1
DA:186,2
DA:188,2
DA:189,3
DA:190,3
DA:191,3
DA:193,0
DA:196,1
DA:200,2
DA:204,1
LF:93
LH:87
BRDA:61,0,0,0
BRDA:61,1,0,0
BRDA:71,2,0,1
BRDA:71,2,1,4
BRDA:83,3,0,2
BRDA:83,3,1,1
BRDA:95,4,0,1
BRDA:95,4,1,2
BRDA:102,5,0,1
BRDA:102,6,0,2
BRDA:103,7,0,1
BRDA:103,7,1,1
BRDA:111,8,0,1
BRDA:111,9,0,2
BRDA:113,10,0,1
BRDA:113,10,1,1
BRDA:125,11,0,1
BRDA:125,11,1,1
BRDA:130,12,0,4
BRDA:130,12,1,1
BRDA:141,13,0,1
BRDA:141,13,1,1
BRDA:149,14,0,2
BRDA:149,14,1,0
BRDA:150,15,0,1
BRDA:150,15,1,1
BRDA:159,16,0,2
BRDA:159,16,1,0
BRDA:162,17,0,0
BRDA:162,17,1,0
BRDA:169,18,0,0
BRDA:169,19,0,1
BRDA:190,20,0,3
BRDA:190,20,1,0
BRF:34
BRH:26
end_of_record
TN:
SF:core\databaseUtils.js
FN:19,normalizeOperation
FN:24,normalizeModel
FN:31,(anonymous_2)
FN:36,normalizeModels
FN:40,normalizeQueryInput
FN:79,normalizeFieldType
FN:88,assertIdentifier
FN:95,quoteIdentifier
FN:100,toSqlType
FNF:9
FNH:9
FNDA:15,normalizeOperation
FNDA:4,normalizeModel
FNDA:3,(anonymous_2)
FNDA:7,normalizeModels
FNDA:12,normalizeQueryInput
FNDA:49,normalizeFieldType
FNDA:175,assertIdentifier
FNDA:1,quoteIdentifier
FNDA:44,toSqlType
DA:1,5
DA:20,15
DA:21,15
DA:25,4
DA:26,3
DA:27,3
DA:31,3
DA:37,7
DA:41,12
DA:43,12
DA:44,2
DA:51,10
DA:52,4
DA:53,1
DA:55,3
DA:58,6
DA:59,2
DA:60,1
DA:66,1
DA:69,4
DA:70,2
DA:71,1
DA:73,1
DA:76,2
DA:80,49
DA:81,3
DA:82,2
DA:83,1
DA:85,1
DA:89,175
DA:90,4
DA:92,171
DA:96,1
DA:97,1
DA:101,44
DA:102,44
DA:117,44
DA:120,5
LF:38
LH:38
BRDA:20,0,0,15
BRDA:20,0,1,0
BRDA:21,1,0,15
BRDA:21,1,1,1
BRDA:25,2,0,1
BRDA:25,2,1,3
BRDA:26,3,0,3
BRDA:26,3,1,2
BRDA:26,3,2,0
BRDA:36,4,0,0
BRDA:40,5,0,8
BRDA:43,6,0,2
BRDA:43,6,1,10
BRDA:46,7,0,2
BRDA:46,7,1,1
BRDA:46,7,2,0
BRDA:51,8,0,4
BRDA:51,8,1,6
BRDA:52,9,0,1
BRDA:52,9,1,3
BRDA:52,10,0,4
BRDA:52,10,1,4
BRDA:58,11,0,2
BRDA:58,11,1,4
BRDA:59,12,0,1
BRDA:59,12,1,1
BRDA:59,13,0,2
BRDA:59,13,1,2
BRDA:69,14,0,2
BRDA:69,14,1,2
BRDA:70,15,0,1
BRDA:70,15,1,1
BRDA:70,16,0,2
BRDA:70,16,1,2
BRDA:80,17,0,46
BRDA:80,17,1,3
BRDA:81,18,0,2
BRDA:81,18,1,1
BRDA:81,19,0,3
BRDA:81,19,1,3
BRDA:82,20,0,1
BRDA:82,20,1,1
BRDA:83,21,0,1
BRDA:83,21,1,0
BRDA:88,22,0,3
BRDA:89,23,0,4
BRDA:89,23,1,171
BRDA:89,24,0,175
BRDA:89,24,1,0
BRDA:95,25,0,0
BRDA:100,26,0,1
BRDA:103,27,0,10
BRDA:103,27,1,34
BRDA:107,28,0,10
BRDA:107,28,1,34
BRDA:109,29,0,10
BRDA:109,29,1,34
BRDA:111,30,0,10
BRDA:111,30,1,34
BRDA:112,31,0,10
BRDA:112,31,1,34
BRDA:113,32,0,10
BRDA:113,32,1,34
BRDA:114,33,0,10
BRDA:114,33,1,34
BRDA:115,34,0,10
BRDA:115,34,1,34
BRDA:117,35,0,44
BRDA:117,35,1,1
BRF:69
BRH:62
end_of_record
TN:
SF:core\enterpriseAuth.js
FN:11,(anonymous_0)
FN:37,(anonymous_1)
FN:52,(anonymous_2)
FN:69,(anonymous_3)
FN:76,(anonymous_4)
FN:93,(anonymous_5)
FN:115,(anonymous_6)
FN:126,(anonymous_7)
FN:151,(anonymous_8)
FN:163,(anonymous_9)
FN:179,(anonymous_10)
FN:194,(anonymous_11)
FN:221,(anonymous_12)
FN:248,(anonymous_13)
FN:266,(anonymous_14)
FN:288,(anonymous_15)
FN:307,(anonymous_16)
FN:317,(anonymous_17)
FN:324,(anonymous_18)
FN:336,(anonymous_19)
FN:352,(anonymous_20)
FN:359,(anonymous_21)
FN:363,(anonymous_22)
FNF:23
FNH:22
FNDA:5,(anonymous_0)
FNDA:1,(anonymous_1)
FNDA:2,(anonymous_2)
FNDA:1,(anonymous_3)
FNDA:0,(anonymous_4)
FNDA:1,(anonymous_5)
FNDA:1,(anonymous_6)
FNDA:3,(anonymous_7)
FNDA:5,(anonymous_8)
FNDA:2,(anonymous_9)
FNDA:1,(anonymous_10)
FNDA:4,(anonymous_11)
FNDA:1,(anonymous_12)
FNDA:6,(anonymous_13)
FNDA:2,(anonymous_14)
FNDA:3,(anonymous_15)
FNDA:5,(anonymous_16)
FNDA:1,(anonymous_17)
FNDA:1,(anonymous_18)
FNDA:3,(anonymous_19)
FNDA:1,(anonymous_20)
FNDA:2,(anonymous_21)
FNDA:1,(anonymous_22)
DA:6,1
DA:7,1
DA:8,1
DA:12,5
DA:26,5
DA:27,5
DA:28,5
DA:29,5
DA:30,5
DA:31,5
DA:38,1
DA:53,2
DA:54,2
DA:56,1
DA:57,1
DA:59,1
DA:70,1
DA:77,0
DA:78,0
DA:82,0
DA:94,1
DA:95,1
DA:96,1
DA:98,1
DA:105,1
DA:116,1
DA:117,1
DA:118,10
DA:120,1
DA:127,3
DA:128,3
DA:130,2
DA:131,2
DA:134,2
DA:135,2
DA:138,2
DA:139,2
DA:140,2
DA:141,2
DA:145,0
DA:152,5
DA:153,5
DA:154,5
DA:155,5
DA:156,5
DA:157,5
DA:164,2
DA:165,2
DA:167,2
DA:168,2
DA:169,1
DA:170,1
DA:173,1
DA:180,1
DA:181,1
DA:183,1
DA:184,0
DA:187,1
DA:188,1
DA:195,4
DA:196,4
DA:208,4
DA:211,4
DA:212,0
DA:215,4
DA:222,1
DA:229,1
DA:233,1
DA:238,1
DA:242,1
DA:249,6
DA:250,6
DA:251,6
DA:253,6
DA:254,2
DA:257,4
DA:259,2
DA:267,2
DA:268,2
DA:269,1
DA:275,1
DA:279,1
DA:281,1
DA:289,3
DA:291,3
DA:292,0
DA:295,3
DA:296,1
DA:297,1
DA:298,1
DA:301,2
DA:308,5
DA:309,5
DA:310,5
DA:311,5
DA:318,1
DA:325,1
DA:326,1
DA:327,1
DA:328,1
DA:337,3
DA:338,3
DA:340,2
DA:341,1
DA:342,1
DA:345,1
DA:346,1
DA:353,1
DA:360,2
DA:363,1
DA:369,1
LF:111
LH:104
BRDA:11,0,0,2
BRDA:13,1,0,5
BRDA:13,1,1,4
BRDA:13,1,2,4
BRDA:14,2,0,5
BRDA:14,2,1,4
BRDA:14,2,2,4
BRDA:15,3,0,5
BRDA:15,3,1,4
BRDA:16,4,0,5
BRDA:16,4,1,4
BRDA:17,5,0,5
BRDA:17,5,1,5
BRDA:18,6,0,5
BRDA:18,6,1,3
BRDA:45,7,0,1
BRDA:45,7,1,0
BRDA:54,8,0,1
BRDA:54,8,1,1
BRDA:78,9,0,0
BRDA:78,9,1,0
BRDA:128,10,0,1
BRDA:128,10,1,2
BRDA:140,11,0,2
BRDA:140,11,1,0
BRDA:165,12,0,0
BRDA:165,12,1,2
BRDA:168,13,0,1
BRDA:168,13,1,1
BRDA:181,14,0,0
BRDA:181,14,1,1
BRDA:183,15,0,0
BRDA:183,15,1,1
BRDA:194,16,0,3
BRDA:211,17,0,0
BRDA:211,17,1,4
BRDA:221,18,0,0
BRDA:224,19,0,1
BRDA:224,19,1,0
BRDA:248,20,0,3
BRDA:250,21,0,3
BRDA:250,21,1,3
BRDA:253,22,0,2
BRDA:253,22,1,4
BRDA:289,23,0,3
BRDA:289,23,1,2
BRDA:291,24,0,0
BRDA:291,24,1,3
BRDA:291,25,0,3
BRDA:291,25,1,0
BRDA:295,26,0,1
BRDA:295,26,1,2
BRDA:308,27,0,5
BRDA:308,27,1,1
BRDA:327,28,0,1
BRDA:327,28,1,0
BRDA:338,29,0,1
BRDA:338,29,1,2
BRDA:340,30,0,1
BRDA:340,30,1,1
BRF:60
BRH:47
end_of_record
TN:
SF:core\graphql.js
FN:7,(anonymous_0)
FN:26,(anonymous_1)
FN:52,(anonymous_2)
FN:74,(anonymous_3)
FN:92,(anonymous_4)
FN:111,(anonymous_5)
FN:132,(anonymous_6)
FN:150,(anonymous_7)
FN:161,(anonymous_8)
FN:165,(anonymous_9)
FN:170,(anonymous_10)
FN:179,(anonymous_11)
FN:185,(anonymous_12)
FN:191,(anonymous_13)
FN:199,(anonymous_14)
FN:201,(anonymous_15)
FN:215,(anonymous_16)
FN:225,(anonymous_17)
FN:228,(anonymous_18)
FN:238,(anonymous_19)
FN:241,(anonymous_20)
FN:254,(anonymous_21)
FN:274,(anonymous_22)
FN:281,(anonymous_23)
FN:282,(anonymous_24)
FN:287,(anonymous_25)
FN:288,(anonymous_26)
FN:298,(anonymous_27)
FN:326,(anonymous_28)
FN:348,(anonymous_29)
FN:360,(anonymous_30)
FN:372,(anonymous_31)
FNF:32
FNH:31
FNDA:4,(anonymous_0)
FNDA:1,(anonymous_1)
FNDA:1,(anonymous_2)
FNDA:4,(anonymous_3)
FNDA:1,(anonymous_4)
FNDA:1,(anonymous_5)
FNDA:1,(anonymous_6)
FNDA:1,(anonymous_7)
FNDA:1,(anonymous_8)
FNDA:1,(anonymous_9)
FNDA:1,(anonymous_10)
FNDA:1,(anonymous_11)
FNDA:1,(anonymous_12)
FNDA:1,(anonymous_13)
FNDA:1,(anonymous_14)
FNDA:1,(anonymous_15)
FNDA:3,(anonymous_16)
FNDA:1,(anonymous_17)
FNDA:1,(anonymous_18)
FNDA:6,(anonymous_19)
FNDA:5,(anonymous_20)
FNDA:2,(anonymous_21)
FNDA:1,(anonymous_22)
FNDA:1,(anonymous_23)
FNDA:2,(anonymous_24)
FNDA:1,(anonymous_25)
FNDA:0,(anonymous_26)
FNDA:1,(anonymous_27)
FNDA:2,(anonymous_28)
FNDA:1,(anonymous_29)
FNDA:4,(anonymous_30)
FNDA:5,(anonymous_31)
DA:8,4
DA:17,4
DA:18,4
DA:19,4
DA:20,4
DA:27,1
DA:30,1
DA:31,1
DA:35,1
DA:38,1
DA:41,1
DA:42,1
DA:45,1
DA:46,1
DA:53,1
DA:54,1
DA:55,1
DA:57,1
DA:58,4
DA:59,4
DA:60,4
DA:61,4
DA:64,1
DA:65,1
DA:66,1
DA:68,1
DA:75,4
DA:85,4
DA:86,4
DA:93,1
DA:95,1
DA:96,1
DA:97,1
DA:99,1
DA:100,1
DA:101,1
DA:104,1
DA:105,1
DA:112,1
DA:114,1
DA:115,1
DA:116,1
DA:117,1
DA:119,1
DA:120,1
DA:121,1
DA:122,1
DA:125,1
DA:126,1
DA:133,1
DA:135,1
DA:136,1
DA:138,1
DA:139,1
DA:140,1
DA:143,1
DA:144,1
DA:151,1
DA:158,1
DA:159,1
DA:161,1
DA:162,1
DA:165,1
DA:166,1
DA:167,1
DA:170,1
DA:171,1
DA:176,1
DA:177,1
DA:179,1
DA:180,1
DA:181,1
DA:182,1
DA:185,1
DA:186,1
DA:187,1
DA:188,1
DA:191,1
DA:192,1
DA:193,1
DA:194,1
DA:196,1
DA:199,1
DA:200,1
DA:201,1
DA:202,1
DA:204,1
DA:208,1
DA:209,1
DA:216,3
DA:217,2
DA:220,3
DA:225,3
DA:227,1
DA:228,1
DA:229,1
DA:230,1
DA:239,6
DA:240,6
DA:241,4
DA:242,5
DA:243,5
DA:245,2
DA:256,2
DA:259,2
DA:264,0
DA:275,1
DA:282,1
DA:283,2
DA:284,1
DA:286,1
DA:287,1
DA:288,0
DA:290,1
DA:299,1
DA:327,2
DA:329,2
DA:330,1
DA:333,2
DA:334,1
DA:335,1
DA:339,2
DA:349,1
DA:350,1
DA:353,0
DA:361,4
DA:362,1
DA:365,3
DA:366,1
DA:369,2
DA:373,5
DA:374,5
DA:376,0
DA:377,0
DA:379,0
DA:380,0
DA:382,0
DA:386,1
LF:138
LH:130
BRDA:7,0,0,3
BRDA:41,1,0,1
BRDA:41,1,1,0
BRDA:53,2,0,1
BRDA:53,2,1,0
BRDA:60,3,0,1
BRDA:60,3,1,3
BRDA:74,4,0,3
BRDA:85,5,0,4
BRDA:85,5,1,1
BRDA:86,6,0,1
BRDA:86,6,1,3
BRDA:86,7,0,4
BRDA:86,7,1,3
BRDA:158,8,0,1
BRDA:158,8,1,0
BRDA:166,9,0,1
BRDA:166,9,1,0
BRDA:176,10,0,1
BRDA:176,10,1,0
BRDA:193,11,0,1
BRDA:193,11,1,0
BRDA:216,12,0,2
BRDA:216,12,1,1
BRDA:229,13,0,1
BRDA:229,13,1,0
BRDA:240,14,0,4
BRDA:240,14,1,2
BRDA:254,15,0,2
BRDA:254,16,0,1
BRDA:283,17,0,1
BRDA:283,17,1,1
BRDA:329,18,0,1
BRDA:329,18,1,1
BRDA:333,19,0,1
BRDA:333,19,1,1
BRDA:333,20,0,2
BRDA:333,20,1,1
BRDA:334,21,0,1
BRDA:334,21,1,0
BRDA:349,22,0,1
BRDA:349,22,1,0
BRDA:361,23,0,1
BRDA:361,23,1,3
BRDA:365,24,0,1
BRDA:365,24,1,2
BRDA:366,25,0,1
BRDA:366,25,1,0
BRDA:369,26,0,2
BRDA:369,26,1,0
BRDA:373,27,0,5
BRDA:373,27,1,0
BRDA:376,28,0,0
BRDA:376,28,1,0
BRDA:379,29,0,0
BRDA:379,29,1,0
BRF:56
BRH:40
end_of_record
TN:
SF:core\graphqlEnhancements.js
FN:2,(anonymous_0)
FN:9,(anonymous_1)
FN:14,(anonymous_2)
FN:19,(anonymous_3)
FN:24,(anonymous_4)
FN:33,(anonymous_5)
FN:36,(anonymous_6)
FN:39,(anonymous_7)
FNF:8
FNH:8
FNDA:2,(anonymous_0)
FNDA:1,(anonymous_1)
FNDA:1,(anonymous_2)
FNDA:2,(anonymous_3)
FNDA:2,(anonymous_4)
FNDA:1,(anonymous_5)
FNDA:1,(anonymous_6)
FNDA:2,(anonymous_7)
DA:3,2
DA:4,2
DA:5,2
DA:6,2
DA:10,1
DA:11,1
DA:15,1
DA:16,1
DA:20,2
DA:21,2
DA:25,2
DA:26,2
DA:27,1
DA:28,1
DA:30,1
DA:34,1
DA:35,1
DA:36,1
DA:40,2
DA:41,2
DA:45,1
LF:21
LH:21
BRDA:19,0,0,0
BRDA:26,1,0,1
BRDA:26,1,1,1
BRDA:26,2,0,2
BRDA:26,2,1,2
BRDA:34,3,0,1
BRDA:34,3,1,0
BRDA:40,4,0,2
BRDA:40,4,1,0
BRF:9
BRH:6
end_of_record
TN:
SF:core\jobScheduler.js
FN:6,(anonymous_0)
FN:15,(anonymous_1)
FN:33,(anonymous_2)
FN:35,(anonymous_3)
FN:68,(anonymous_4)
FN:69,(anonymous_5)
FN:79,(anonymous_6)
FN:92,(anonymous_7)
FN:124,(anonymous_8)
FN:134,(anonymous_9)
FN:145,(anonymous_10)
FN:149,(anonymous_11)
FN:168,(anonymous_12)
FN:189,(anonymous_13)
FN:210,(anonymous_14)
FN:224,(anonymous_15)
FN:231,(anonymous_16)
FNF:17
FNH:17
FNDA:7,(anonymous_0)
FNDA:7,(anonymous_1)
FNDA:3,(anonymous_2)
FNDA:2,(anonymous_3)
FNDA:3,(anonymous_4)
FNDA:2,(anonymous_5)
FNDA:1,(anonymous_6)
FNDA:5,(anonymous_7)
FNDA:3,(anonymous_8)
FNDA:2,(anonymous_9)
FNDA:1,(anonymous_10)
FNDA:1,(anonymous_11)
FNDA:4,(anonymous_12)
FNDA:4,(anonymous_13)
FNDA:2,(anonymous_14)
FNDA:1,(anonymous_15)
FNDA:2,(anonymous_16)
DA:1,1
DA:2,1
DA:3,1
DA:7,7
DA:8,7
DA:9,7
DA:10,7
DA:11,7
DA:12,7
DA:16,7
DA:17,7
DA:34,3
DA:35,3
DA:36,2
DA:37,2
DA:38,2
DA:40,2
DA:42,1
DA:43,1
DA:45,1
DA:46,1
DA:47,1
DA:52,2
DA:53,2
DA:55,2
DA:57,1
DA:58,1
DA:69,3
DA:70,2
DA:71,2
DA:72,2
DA:73,1
DA:75,1
DA:79,3
DA:80,3
DA:82,3
DA:93,5
DA:94,5
DA:95,4
DA:98,5
DA:99,5
DA:110,4
DA:112,4
DA:114,1
DA:115,1
DA:125,3
DA:126,3
DA:127,0
DA:130,3
DA:131,2
DA:134,2
DA:135,2
DA:136,2
DA:137,2
DA:138,2
DA:140,0
DA:141,0
DA:145,2
DA:146,1
DA:149,2
DA:150,1
DA:157,2
DA:158,2
DA:160,1
DA:161,1
DA:169,4
DA:170,4
DA:171,4
DA:173,3
DA:174,2
DA:176,1
DA:177,1
DA:179,1
DA:181,1
DA:182,1
DA:190,4
DA:191,4
DA:192,4
DA:194,3
DA:195,2
DA:196,1
DA:197,1
DA:198,1
DA:200,1
DA:202,1
DA:203,1
DA:211,2
DA:212,2
DA:213,1
DA:214,1
DA:215,1
DA:216,1
DA:218,1
DA:225,1
DA:232,2
DA:233,2
DA:234,3
DA:235,2
DA:237,1
DA:238,1
DA:239,1
DA:242,1
DA:248,1
DA:249,1
DA:250,1
DA:251,1
DA:252,1
DA:253,1
DA:254,1
DA:256,1
LF:110
LH:107
BRDA:6,0,0,6
BRDA:19,1,0,7
BRDA:19,1,1,0
BRDA:20,2,0,7
BRDA:20,2,1,6
BRDA:21,3,0,7
BRDA:21,3,1,6
BRDA:22,4,0,1
BRDA:22,4,1,6
BRDA:22,5,0,7
BRDA:22,5,1,1
BRDA:33,6,0,1
BRDA:46,7,0,1
BRDA:46,7,1,0
BRDA:50,8,0,3
BRDA:50,8,1,2
BRDA:92,9,0,0
BRDA:92,10,0,4
BRDA:94,11,0,4
BRDA:94,11,1,1
BRDA:100,12,0,5
BRDA:100,12,1,4
BRDA:126,13,0,0
BRDA:126,13,1,3
BRDA:130,14,0,2
BRDA:130,14,1,1
BRDA:171,15,0,1
BRDA:171,15,1,3
BRDA:174,16,0,1
BRDA:174,16,1,1
BRDA:192,17,0,1
BRDA:192,17,1,3
BRDA:195,18,0,1
BRDA:195,18,1,1
BRDA:212,19,0,1
BRDA:212,19,1,1
BRDA:213,20,0,1
BRDA:213,20,1,0
BRF:38
BRH:33
end_of_record
TN:
SF:core\logger.js
FN:14,(anonymous_0)
FN:19,(anonymous_1)
FN:23,(anonymous_2)
FN:27,(anonymous_3)
FN:31,(anonymous_4)
FN:35,(anonymous_5)
FNF:6
FNH:6
FNDA:72,(anonymous_0)
FNDA:26,(anonymous_1)
FNDA:25,(anonymous_2)
FNDA:1,(anonymous_3)
FNDA:20,(anonymous_4)
FNDA:8,(anonymous_5)
DA:2,8
DA:15,72
DA:16,72
DA:20,26
DA:24,25
DA:28,1
DA:32,20
DA:36,8
DA:37,0
DA:42,8
LF:10
LH:9
BRDA:14,0,0,0
BRDA:36,1,0,0
BRDA:36,1,1,8
BRF:3
BRH:1
end_of_record
TN:
SF:core\loggerWinston.js
FN:36,(anonymous_0)
FN:75,(anonymous_1)
FN:92,(anonymous_2)
FN:93,(anonymous_3)
FN:94,(anonymous_4)
FN:95,(anonymous_5)
FN:96,(anonymous_6)
FN:97,(anonymous_7)
FNF:8
FNH:6
FNDA:81,(anonymous_0)
FNDA:81,(anonymous_1)
FNDA:1,(anonymous_2)
FNDA:21,(anonymous_3)
FNDA:2,(anonymous_4)
FNDA:57,(anonymous_5)
FNDA:0,(anonymous_6)
FNDA:0,(anonymous_7)
DA:1,13
DA:2,13
DA:3,13
DA:6,13
DA:7,13
DA:8,0
DA:11,13
DA:20,13
DA:29,13
DA:31,13
DA:37,81
DA:38,81
DA:42,13
DA:69,13
DA:70,13
DA:76,81
DA:83,13
DA:91,13
DA:92,1
DA:93,21
DA:94,2
DA:95,57
DA:96,0
DA:97,0
LF:24
LH:21
BRDA:7,0,0,0
BRDA:7,0,1,13
BRDA:37,1,0,81
BRDA:37,1,1,0
BRDA:69,2,0,13
BRDA:69,2,1,0
BRF:6
BRH:3
end_of_record
TN:
SF:core\middleware.js
FN:5,(anonymous_0)
FN:15,(anonymous_1)
FN:16,(anonymous_2)
FN:19,(anonymous_3)
FN:31,(anonymous_4)
FN:32,(anonymous_5)
FN:49,(anonymous_6)
FN:50,(anonymous_7)
FN:58,(anonymous_8)
FN:74,(anonymous_9)
FN:75,(anonymous_10)
FNF:11
FNH:11
FNDA:1,(anonymous_0)
FNDA:1,(anonymous_1)
FNDA:2,(anonymous_2)
FNDA:2,(anonymous_3)
FNDA:2,(anonymous_4)
FNDA:3,(anonymous_5)
FNDA:1,(anonymous_6)
FNDA:1,(anonymous_7)
FNDA:3,(anonymous_8)
FNDA:1,(anonymous_9)
FNDA:2,(anonymous_10)
DA:1,1
DA:2,1
DA:6,1
DA:16,1
DA:17,2
DA:19,2
DA:20,2
DA:21,2
DA:22,2
DA:27,2
DA:32,2
DA:33,3
DA:35,3
DA:36,2
DA:37,2
DA:38,2
DA:41,3
DA:42,1
DA:45,2
DA:50,1
DA:52,1
DA:53,1
DA:54,1
DA:59,3
DA:61,3
DA:62,5
DA:63,3
DA:64,2
DA:65,1
DA:67,1
DA:71,3
DA:75,1
DA:76,2
DA:78,2
DA:79,2
DA:81,2
DA:90,1
LF:37
LH:37
BRDA:5,0,0,0
BRDA:7,1,0,1
BRDA:7,1,1,0
BRDA:8,2,0,1
BRDA:8,2,1,0
BRDA:21,3,0,1
BRDA:21,3,1,1
BRDA:31,4,0,1
BRDA:35,5,0,2
BRDA:35,5,1,1
BRDA:35,6,0,3
BRDA:35,6,1,2
BRDA:36,7,0,2
BRDA:36,7,1,1
BRDA:41,8,0,1
BRDA:41,8,1,2
BRDA:52,9,0,1
BRDA:52,9,1,0
BRDA:62,10,0,3
BRDA:62,10,1,2
BRDA:64,11,0,1
BRDA:64,11,1,1
BRDA:64,12,0,2
BRDA:64,12,1,1
BRDA:78,13,0,2
BRDA:78,13,1,1
BRDA:79,14,0,2
BRDA:79,14,1,1
BRDA:84,15,0,2
BRDA:84,15,1,1
BRF:30
BRH:26
end_of_record
TN:
SF:core\migrationManager.js
FN:7,(anonymous_0)
FN:12,(anonymous_1)
FN:26,(anonymous_2)
FN:31,(anonymous_3)
FN:44,(anonymous_4)
FN:55,(anonymous_5)
FN:66,(anonymous_6)
FN:95,(anonymous_7)
FN:99,(anonymous_8)
FN:109,(anonymous_9)
FN:137,(anonymous_10)
FN:151,(anonymous_11)
FNF:12
FNH:12
FNDA:6,(anonymous_0)
FNDA:2,(anonymous_1)
FNDA:3,(anonymous_2)
FNDA:1,(anonymous_3)
FNDA:2,(anonymous_4)
FNDA:2,(anonymous_5)
FNDA:2,(anonymous_6)
FNDA:2,(anonymous_7)
FNDA:1,(anonymous_8)
FNDA:2,(anonymous_9)
FNDA:2,(anonymous_10)
FNDA:2,(anonymous_11)
DA:1,1
DA:2,1
DA:3,1
DA:4,1
DA:8,6
DA:9,6
DA:13,2
DA:14,2
DA:15,2
DA:16,1
DA:18,1
DA:19,1
DA:21,1
DA:22,1
DA:27,3
DA:28,3
DA:29,2
DA:30,1
DA:31,1
DA:32,1
DA:35,1
DA:37,2
DA:39,1
DA:40,1
DA:45,2
DA:46,2
DA:47,1
DA:48,1
DA:50,1
DA:51,1
DA:56,2
DA:57,2
DA:58,1
DA:59,1
DA:61,1
DA:62,1
DA:67,2
DA:68,2
DA:69,2
DA:70,2
DA:72,2
DA:86,2
DA:87,1
DA:88,1
DA:90,1
DA:91,1
DA:96,2
DA:97,2
DA:98,1
DA:99,1
DA:100,1
DA:102,1
DA:104,1
DA:105,1
DA:110,2
DA:111,2
DA:112,2
DA:113,2
DA:115,2
DA:128,2
DA:129,1
DA:130,1
DA:132,1
DA:133,1
DA:138,2
DA:139,2
DA:140,1
DA:141,1
DA:146,1
DA:147,1
DA:152,2
DA:153,1
DA:154,1
DA:159,1
LF:74
LH:74
BRDA:12,0,0,0
BRDA:15,1,0,1
BRDA:15,1,1,1
BRDA:29,2,0,1
BRDA:29,2,1,1
BRDA:152,3,0,1
BRDA:152,3,1,1
BRF:7
BRH:6
end_of_record
TN:
SF:core\mlEngine.js
FN:6,(anonymous_0)
FN:12,(anonymous_1)
FN:17,(anonymous_2)
FN:29,(anonymous_3)
FN:49,(anonymous_4)
FN:75,(anonymous_5)
FN:109,(anonymous_6)
FN:121,(anonymous_7)
FN:132,(anonymous_8)
FN:150,(anonymous_9)
FN:174,(anonymous_10)
FN:175,(anonymous_11)
FN:189,(anonymous_12)
FN:203,(anonymous_13)
FN:204,(anonymous_14)
FN:208,(anonymous_15)
FN:215,(anonymous_16)
FN:219,(anonymous_17)
FN:221,(anonymous_18)
FN:226,(anonymous_19)
FN:230,(anonymous_20)
FN:241,(anonymous_21)
FN:287,(anonymous_22)
FNF:23
FNH:23
FNDA:5,(anonymous_0)
FNDA:1,(anonymous_1)
FNDA:2,(anonymous_2)
FNDA:1,(anonymous_3)
FNDA:3,(anonymous_4)
FNDA:5,(anonymous_5)
FNDA:4,(anonymous_6)
FNDA:8,(anonymous_7)
FNDA:3,(anonymous_8)
FNDA:3,(anonymous_9)
FNDA:2,(anonymous_10)
FNDA:3,(anonymous_11)
FNDA:3,(anonymous_12)
FNDA:1,(anonymous_13)
FNDA:1,(anonymous_14)
FNDA:1,(anonymous_15)
FNDA:1,(anonymous_16)
FNDA:2,(anonymous_17)
FNDA:1,(anonymous_18)
FNDA:1,(anonymous_19)
FNDA:4,(anonymous_20)
FNDA:1,(anonymous_21)
FNDA:1,(anonymous_22)
DA:1,1
DA:2,1
DA:3,1
DA:7,5
DA:8,5
DA:9,5
DA:13,1
DA:14,1
DA:18,2
DA:19,2
DA:20,1
DA:21,1
DA:22,1
DA:24,1
DA:25,1
DA:30,1
DA:40,1
DA:46,1
DA:50,3
DA:51,3
DA:53,2
DA:54,2
DA:55,2
DA:57,2
DA:64,1
DA:65,1
DA:67,1
DA:68,1
DA:70,1
DA:71,1
DA:76,5
DA:77,5
DA:79,3
DA:80,3
DA:81,3
DA:82,2
DA:84,2
DA:85,2
DA:87,2
DA:90,2
DA:98,2
DA:104,1
DA:105,1
DA:110,4
DA:111,4
DA:113,2
DA:114,2
DA:115,2
DA:116,2
DA:118,2
DA:119,2
DA:121,2
DA:122,8
DA:123,8
DA:124,8
DA:127,0
DA:128,0
DA:133,3
DA:134,3
DA:136,2
DA:137,2
DA:138,2
DA:139,1
DA:142,2
DA:143,1
DA:145,1
DA:146,1
DA:151,3
DA:152,3
DA:154,2
DA:155,2
DA:156,2
DA:158,2
DA:159,1
DA:161,1
DA:162,1
DA:164,1
DA:169,1
DA:170,1
DA:175,2
DA:176,3
DA:177,3
DA:178,3
DA:179,1
DA:182,2
DA:183,1
DA:185,1
DA:189,2
DA:190,3
DA:191,3
DA:192,3
DA:193,1
DA:196,2
DA:197,1
DA:199,1
DA:203,2
DA:204,1
DA:205,1
DA:208,1
DA:216,1
DA:220,2
DA:221,1
DA:223,1
DA:227,1
DA:231,4
DA:232,4
DA:234,3
DA:235,1
DA:236,2
DA:237,1
DA:242,1
DA:288,1
DA:363,1
LF:113
LH:111
BRDA:49,0,0,2
BRDA:49,1,0,2
BRDA:51,2,0,1
BRDA:51,2,1,2
BRDA:77,3,0,2
BRDA:77,3,1,3
BRDA:111,4,0,2
BRDA:111,4,1,2
BRDA:122,5,0,4
BRDA:122,5,1,4
BRDA:134,6,0,1
BRDA:134,6,1,2
BRDA:138,7,0,1
BRDA:138,7,1,1
BRDA:152,8,0,1
BRDA:152,8,1,2
BRDA:178,9,0,1
BRDA:178,9,1,2
BRDA:192,10,0,1
BRDA:192,10,1,2
BRDA:192,11,0,3
BRDA:192,11,1,2
BRDA:207,12,0,1
BRDA:207,12,1,0
BRDA:219,13,0,1
BRDA:220,14,0,1
BRDA:220,14,1,1
BRDA:230,15,0,1
BRDA:232,16,0,1
BRDA:232,16,1,3
BRDA:234,17,0,1
BRDA:234,17,1,2
BRDA:236,18,0,1
BRDA:236,18,1,1
BRF:34
BRH:33
end_of_record
TN:
SF:core\monitoring.js
FN:7,(anonymous_0)
FN:33,(anonymous_1)
FN:56,(anonymous_2)
FN:85,(anonymous_3)
FN:101,(anonymous_4)
FN:117,(anonymous_5)
FN:132,(anonymous_6)
FN:138,(anonymous_7)
FN:152,(anonymous_8)
FN:166,(anonymous_9)
FN:185,(anonymous_10)
FN:186,(anonymous_11)
FN:196,(anonymous_12)
FN:207,(anonymous_13)
FN:212,(anonymous_14)
FN:215,(anonymous_15)
FN:216,(anonymous_16)
FN:217,(anonymous_17)
FN:226,(anonymous_18)
FN:228,(anonymous_19)
FN:229,(anonymous_20)
FN:237,(anonymous_21)
FN:252,(anonymous_22)
FN:258,(anonymous_23)
FN:266,(anonymous_24)
FN:275,(anonymous_25)
FN:276,(anonymous_26)
FN:277,(anonymous_27)
FN:280,(anonymous_28)
FN:287,(anonymous_29)
FN:289,(anonymous_30)
FN:296,(anonymous_31)
FN:297,(anonymous_32)
FN:303,(anonymous_33)
FN:321,(anonymous_34)
FN:336,(anonymous_35)
FNF:36
FNH:35
FNDA:5,(anonymous_0)
FNDA:3,(anonymous_1)
FNDA:3,(anonymous_2)
FNDA:3,(anonymous_3)
FNDA:2,(anonymous_4)
FNDA:1,(anonymous_5)
FNDA:2,(anonymous_6)
FNDA:1,(anonymous_7)
FNDA:2,(anonymous_8)
FNDA:8,(anonymous_9)
FNDA:2,(anonymous_10)
FNDA:6,(anonymous_11)
FNDA:7,(anonymous_12)
FNDA:100004,(anonymous_13)
FNDA:100004,(anonymous_14)
FNDA:100004,(anonymous_15)
FNDA:100004,(anonymous_16)
FNDA:100004,(anonymous_17)
FNDA:16,(anonymous_18)
FNDA:200010,(anonymous_19)
FNDA:1208753,(anonymous_20)
FNDA:2,(anonymous_21)
FNDA:0,(anonymous_22)
FNDA:2,(anonymous_23)
FNDA:2,(anonymous_24)
FNDA:4,(anonymous_25)
FNDA:8,(anonymous_26)
FNDA:6,(anonymous_27)
FNDA:4,(anonymous_28)
FNDA:3,(anonymous_29)
FNDA:4,(anonymous_30)
FNDA:2,(anonymous_31)
FNDA:5001,(anonymous_32)
FNDA:1,(anonymous_33)
FNDA:3,(anonymous_34)
FNDA:2,(anonymous_35)
DA:8,5
DA:23,5
DA:24,5
DA:25,5
DA:26,5
DA:27,5
DA:34,3
DA:44,3
DA:45,3
DA:48,3
DA:49,1
DA:57,3
DA:59,3
DA:60,3
DA:70,3
DA:71,3
DA:72,3
DA:73,3
DA:74,3
DA:75,3
DA:76,3
DA:79,3
DA:86,3
DA:87,3
DA:89,3
DA:90,1
DA:93,3
DA:94,1
DA:102,2
DA:111,2
DA:118,1
DA:126,1
DA:133,2
DA:139,1
DA:153,2
DA:154,2
DA:156,2
DA:157,1
DA:160,2
DA:167,8
DA:176,8
DA:177,8
DA:179,8
DA:186,6
DA:187,2
DA:188,1
DA:189,1
DA:197,7
DA:200,7
DA:201,1
DA:202,4
DA:203,1
DA:204,1
DA:207,100004
DA:209,7
DA:212,100004
DA:215,100004
DA:216,100004
DA:217,100004
DA:227,16
DA:228,200010
DA:229,1208753
DA:230,16
DA:231,16
DA:238,2
DA:240,2
DA:241,2
DA:252,2
DA:259,2
DA:260,2
DA:262,2
DA:266,2
DA:276,8
DA:277,6
DA:279,4
DA:280,4
DA:281,2
DA:288,3
DA:289,4
DA:297,5001
DA:304,1
DA:322,3
DA:323,1
DA:325,2
DA:337,2
DA:339,2
DA:340,1
DA:341,1
DA:342,1
DA:343,1
DA:346,2
DA:350,1
LF:92
LH:92
BRDA:7,0,0,3
BRDA:11,1,0,5
BRDA:11,1,1,5
BRDA:12,2,0,5
BRDA:12,2,1,5
BRDA:13,3,0,5
BRDA:13,3,1,3
BRDA:40,4,0,3
BRDA:40,4,1,2
BRDA:41,5,0,3
BRDA:41,5,1,2
BRDA:48,6,0,1
BRDA:48,6,1,2
BRDA:59,7,0,3
BRDA:59,7,1,0
BRDA:75,8,0,1
BRDA:75,8,1,2
BRDA:89,9,0,1
BRDA:89,9,1,2
BRDA:93,10,0,1
BRDA:93,10,1,2
BRDA:101,11,0,0
BRDA:101,12,0,1
BRDA:108,13,0,1
BRDA:108,13,1,1
BRDA:117,14,0,0
BRDA:117,15,0,0
BRDA:138,16,0,0
BRDA:156,17,0,1
BRDA:156,17,1,1
BRDA:166,18,0,1
BRDA:187,19,0,1
BRDA:187,19,1,1
BRDA:196,20,0,1
BRDA:200,21,0,1
BRDA:200,21,1,4
BRDA:200,21,2,1
BRDA:200,21,3,1
BRDA:212,22,0,100004
BRDA:212,22,1,20000
BRDA:215,23,0,100004
BRDA:215,23,1,20000
BRDA:216,24,0,100004
BRDA:216,24,1,20000
BRDA:228,25,0,200010
BRDA:228,25,1,40000
BRDA:231,26,0,13
BRDA:231,26,1,3
BRDA:279,27,0,1
BRDA:279,27,1,3
BRDA:280,28,0,1
BRDA:280,28,1,2
BRDA:287,29,0,1
BRDA:321,30,0,1
BRDA:322,31,0,1
BRDA:322,31,1,2
BRF:56
BRH:51
end_of_record
TN:
SF:core\observability.js
FN:4,(anonymous_0)
FN:15,(anonymous_1)
FN:36,(anonymous_2)
FN:37,(anonymous_3)
FN:39,(anonymous_4)
FN:49,(anonymous_5)
FN:56,(anonymous_6)
FN:58,(anonymous_7)
FN:71,(anonymous_8)
FN:73,(anonymous_9)
FNF:10
FNH:10
FNDA:5,(anonymous_0)
FNDA:2,(anonymous_1)
FNDA:2,(anonymous_2)
FNDA:2,(anonymous_3)
FNDA:2,(anonymous_4)
FNDA:1,(anonymous_5)
FNDA:3,(anonymous_6)
FNDA:2,(anonymous_7)
FNDA:2,(anonymous_8)
FNDA:2,(anonymous_9)
DA:1,1
DA:5,5
DA:6,5
DA:7,5
DA:8,5
DA:16,2
DA:17,1
DA:18,1
DA:19,1
DA:20,1
DA:22,0
DA:26,2
DA:27,2
DA:28,2
DA:30,0
DA:33,2
DA:37,2
DA:38,2
DA:39,2
DA:40,2
DA:41,2
DA:42,2
DA:43,2
DA:45,2
DA:50,1
DA:51,1
DA:53,1
DA:57,3
DA:58,2
DA:59,2
DA:60,2
DA:61,1
DA:62,1
DA:64,1
DA:65,1
DA:66,1
DA:72,2
DA:73,2
DA:74,2
DA:88,1
LF:40
LH:38
BRDA:4,0,0,4
BRDA:16,1,0,1
BRDA:16,1,1,1
BRDA:16,2,0,2
BRDA:16,2,1,1
BRDA:19,3,0,1
BRDA:19,3,1,0
BRDA:28,4,0,2
BRDA:28,4,1,1
BRDA:43,5,0,1
BRDA:43,5,1,1
BRDA:49,6,0,0
BRDA:50,7,0,1
BRDA:50,7,1,0
BRDA:57,8,0,1
BRDA:57,8,1,2
BRDA:73,9,0,2
BRDA:73,9,1,0
BRF:18
BRH:14
end_of_record
TN:
SF:core\plugins.js
FN:9,(anonymous_0)
FN:29,(anonymous_1)
FN:89,(anonymous_2)
FN:104,(anonymous_3)
FN:123,(anonymous_4)
FN:134,(anonymous_5)
FN:153,(anonymous_6)
FN:154,(anonymous_7)
FN:163,(anonymous_8)
FN:178,(anonymous_9)
FN:205,(anonymous_10)
FN:211,(anonymous_11)
FN:233,(anonymous_12)
FN:239,(anonymous_13)
FN:244,(anonymous_14)
FN:247,(anonymous_15)
FN:269,(anonymous_16)
FN:288,(anonymous_17)
FN:299,(anonymous_18)
FN:306,(anonymous_19)
FN:326,(anonymous_20)
FN:349,(anonymous_21)
FNF:22
FNH:22
FNDA:10,(anonymous_0)
FNDA:9,(anonymous_1)
FNDA:5,(anonymous_2)
FNDA:4,(anonymous_3)
FNDA:4,(anonymous_4)
FNDA:4,(anonymous_5)
FNDA:1,(anonymous_6)
FNDA:1,(anonymous_7)
FNDA:3,(anonymous_8)
FNDA:2,(anonymous_9)
FNDA:2,(anonymous_10)
FNDA:1,(anonymous_11)
FNDA:1,(anonymous_12)
FNDA:1,(anonymous_13)
FNDA:1,(anonymous_14)
FNDA:1,(anonymous_15)
FNDA:3,(anonymous_16)
FNDA:2,(anonymous_17)
FNDA:3,(anonymous_18)
FNDA:4,(anonymous_19)
FNDA:2,(anonymous_20)
FNDA:2,(anonymous_21)
DA:6,1
DA:10,10
DA:11,10
DA:19,10
DA:20,10
DA:21,10
DA:22,10
DA:23,10
DA:30,9
DA:31,1
DA:34,8
DA:49,8
DA:50,1
DA:51,1
DA:56,7
DA:57,1
DA:60,7
DA:63,7
DA:64,4
DA:68,7
DA:69,4
DA:73,7
DA:74,3
DA:78,7
DA:79,3
DA:82,7
DA:83,7
DA:90,5
DA:91,5
DA:94,5
DA:105,4
DA:106,4
DA:108,3
DA:109,3
DA:110,3
DA:112,1
DA:113,1
DA:117,3
DA:124,4
DA:135,4
DA:136,4
DA:137,1
DA:140,3
DA:141,3
DA:142,2
DA:143,2
DA:145,1
DA:146,1
DA:154,1
DA:164,3
DA:165,3
DA:166,2
DA:167,2
DA:168,2
DA:170,1
DA:171,1
DA:179,2
DA:180,2
DA:182,2
DA:183,2
DA:184,1
DA:186,1
DA:187,2
DA:188,1
DA:189,1
DA:190,1
DA:194,1
DA:195,1
DA:197,1
DA:198,1
DA:206,2
DA:208,1
DA:209,1
DA:211,1
DA:212,1
DA:213,1
DA:216,1
DA:218,1
DA:219,1
DA:220,1
DA:221,1
DA:223,0
DA:224,0
DA:234,1
DA:235,1
DA:238,1
DA:239,1
DA:240,1
DA:244,1
DA:247,1
DA:250,1
DA:251,1
DA:252,1
DA:257,1
DA:258,1
DA:261,1
DA:262,1
DA:263,1
DA:270,3
DA:271,3
DA:273,2
DA:289,2
DA:290,2
DA:291,1
DA:293,2
DA:300,3
DA:301,1
DA:304,2
DA:306,2
DA:307,4
DA:308,1
DA:311,3
DA:312,3
DA:313,3
DA:315,1
DA:316,1
DA:320,2
DA:327,2
DA:329,2
DA:330,3
DA:331,3
DA:332,2
DA:333,1
DA:336,1
DA:340,2
DA:350,2
DA:361,1
LF:127
LH:125
BRDA:9,0,0,7
BRDA:12,1,0,10
BRDA:12,1,1,8
BRDA:30,2,0,1
BRDA:30,2,1,8
BRDA:30,3,0,9
BRDA:30,3,1,8
BRDA:37,4,0,8
BRDA:37,4,1,7
BRDA:38,5,0,8
BRDA:38,5,1,7
BRDA:39,6,0,8
BRDA:39,6,1,7
BRDA:40,7,0,8
BRDA:40,7,1,4
BRDA:41,8,0,8
BRDA:41,8,1,5
BRDA:42,9,0,8
BRDA:42,9,1,6
BRDA:43,10,0,8
BRDA:43,10,1,8
BRDA:44,11,0,8
BRDA:44,11,1,6
BRDA:50,12,0,1
BRDA:50,12,1,0
BRDA:56,13,0,1
BRDA:56,13,1,6
BRDA:90,14,0,5
BRDA:90,14,1,0
BRDA:104,15,0,0
BRDA:106,16,0,1
BRDA:106,16,1,3
BRDA:136,17,0,1
BRDA:136,17,1,3
BRDA:166,18,0,2
BRDA:166,18,1,0
BRDA:178,19,0,1
BRDA:187,20,0,1
BRDA:187,20,1,1
BRDA:206,21,0,1
BRDA:206,21,1,1
BRDA:212,22,0,1
BRDA:212,22,1,0
BRDA:235,23,0,0
BRDA:235,23,1,1
BRDA:251,24,0,1
BRDA:251,24,1,0
BRDA:257,25,0,1
BRDA:257,25,1,0
BRDA:257,26,0,1
BRDA:257,26,1,1
BRDA:271,27,0,1
BRDA:271,27,1,2
BRDA:300,28,0,1
BRDA:300,28,1,2
BRDA:307,29,0,1
BRDA:307,29,1,3
BRDA:332,30,0,1
BRDA:332,30,1,1
BRF:59
BRH:51
end_of_record
TN:
SF:core\queryBuilder.js
FN:2,(anonymous_0)
FN:15,(anonymous_1)
FN:19,(anonymous_2)
FN:28,(anonymous_3)
FN:33,(anonymous_4)
FN:38,(anonymous_5)
FN:43,(anonymous_6)
FN:51,(anonymous_7)
FN:56,(anonymous_8)
FN:61,(anonymous_9)
FN:74,(anonymous_10)
FN:75,(anonymous_11)
FN:85,(anonymous_12)
FNF:13
FNH:13
FNDA:5,(anonymous_0)
FNDA:4,(anonymous_1)
FNDA:5,(anonymous_2)
FNDA:2,(anonymous_3)
FNDA:2,(anonymous_4)
FNDA:3,(anonymous_5)
FNDA:4,(anonymous_6)
FNDA:2,(anonymous_7)
FNDA:2,(anonymous_8)
FNDA:4,(anonymous_9)
FNDA:4,(anonymous_10)
FNDA:5,(anonymous_11)
FNDA:2,(anonymous_12)
DA:3,5
DA:4,5
DA:16,4
DA:20,5
DA:21,3
DA:22,3
DA:24,5
DA:25,5
DA:29,2
DA:30,2
DA:34,2
DA:35,2
DA:39,3
DA:40,3
DA:44,4
DA:45,4
DA:48,4
DA:52,2
DA:53,2
DA:57,2
DA:58,2
DA:62,4
DA:75,4
DA:76,5
DA:77,3
DA:79,2
DA:81,5
DA:86,2
DA:87,1
DA:89,1
DA:93,3
LF:31
LH:31
BRDA:2,0,0,1
BRDA:20,1,0,3
BRDA:20,1,1,2
BRDA:29,2,0,1
BRDA:29,2,1,1
BRDA:38,3,0,0
BRDA:39,4,0,2
BRDA:39,4,1,1
BRDA:43,5,0,0
BRDA:43,6,0,0
BRDA:43,7,0,2
BRDA:43,8,0,2
BRDA:44,9,0,4
BRDA:44,9,1,1
BRDA:45,10,0,2
BRDA:45,10,1,2
BRDA:46,11,0,2
BRDA:46,11,1,0
BRDA:47,12,0,2
BRDA:47,12,1,0
BRDA:56,13,0,1
BRDA:76,14,0,3
BRDA:76,14,1,2
BRDA:85,15,0,2
BRDA:86,16,0,1
BRDA:86,16,1,1
BRF:26
BRH:21
end_of_record
TN:
SF:core\queryOptimizer.js
FN:8,(anonymous_0)
FN:31,(anonymous_1)
FN:67,(anonymous_2)
FN:71,(anonymous_3)
FN:90,(anonymous_4)
FN:109,(anonymous_5)
FN:118,(anonymous_6)
FN:120,(anonymous_7)
FN:126,(anonymous_8)
FN:131,(anonymous_9)
FN:139,(anonymous_10)
FN:152,(anonymous_11)
FN:174,(anonymous_12)
FN:175,(anonymous_13)
FN:183,(anonymous_14)
FN:216,(anonymous_15)
FN:218,(anonymous_16)
FN:219,(anonymous_17)
FN:221,(anonymous_18)
FN:235,(anonymous_19)
FN:252,(anonymous_20)
FN:273,(anonymous_21)
FNF:22
FNH:21
FNDA:4,(anonymous_0)
FNDA:4,(anonymous_1)
FNDA:3,(anonymous_2)
FNDA:6,(anonymous_3)
FNDA:6,(anonymous_4)
FNDA:9,(anonymous_5)
FNDA:3,(anonymous_6)
FNDA:3,(anonymous_7)
FNDA:3,(anonymous_8)
FNDA:1,(anonymous_9)
FNDA:1,(anonymous_10)
FNDA:3,(anonymous_11)
FNDA:3,(anonymous_12)
FNDA:6,(anonymous_13)
FNDA:4,(anonymous_14)
FNDA:3,(anonymous_15)
FNDA:2,(anonymous_16)
FNDA:0,(anonymous_17)
FNDA:1,(anonymous_18)
FNDA:2,(anonymous_19)
FNDA:2,(anonymous_20)
FNDA:1,(anonymous_21)
DA:9,4
DA:18,4
DA:19,4
DA:20,4
DA:32,4
DA:33,4
DA:43,4
DA:44,3
DA:45,3
DA:46,3
DA:47,3
DA:51,4
DA:52,1
DA:53,1
DA:56,4
DA:57,1
DA:60,4
DA:61,4
DA:68,3
DA:69,3
DA:71,3
DA:72,6
DA:73,6
DA:74,6
DA:84,3
DA:91,6
DA:92,5
DA:93,4
DA:101,1
DA:103,3
DA:112,9
DA:119,3
DA:120,3
DA:127,3
DA:128,1
DA:130,1
DA:131,1
DA:132,1
DA:140,1
DA:146,1
DA:153,3
DA:156,3
DA:157,3
DA:160,3
DA:161,0
DA:165,3
DA:166,3
DA:168,3
DA:175,3
DA:176,6
DA:184,4
DA:185,4
DA:187,4
DA:188,4
DA:197,4
DA:198,4
DA:199,4
DA:200,4
DA:201,4
DA:202,4
DA:205,4
DA:206,4
DA:207,4
DA:208,4
DA:217,3
DA:218,2
DA:219,0
DA:221,1
DA:229,3
DA:236,2
DA:253,2
DA:255,2
DA:256,0
DA:259,2
DA:260,1
DA:263,2
DA:264,0
DA:267,2
DA:274,1
DA:275,1
DA:276,1
DA:285,1
LF:82
LH:78
BRDA:8,0,0,2
BRDA:11,1,0,4
BRDA:11,1,1,3
BRDA:14,2,0,4
BRDA:14,2,1,3
BRDA:43,3,0,3
BRDA:43,3,1,1
BRDA:51,4,0,1
BRDA:51,4,1,3
BRDA:51,5,0,4
BRDA:51,5,1,1
BRDA:56,6,0,1
BRDA:56,6,1,3
BRDA:72,7,0,6
BRDA:72,7,1,0
BRDA:91,8,0,1
BRDA:91,8,1,5
BRDA:92,9,0,1
BRDA:92,9,1,4
BRDA:93,10,0,1
BRDA:93,10,1,3
BRDA:94,11,0,4
BRDA:94,11,1,4
BRDA:94,11,2,3
BRDA:94,11,3,3
BRDA:94,11,4,2
BRDA:94,11,5,2
BRDA:127,12,0,2
BRDA:127,12,1,1
BRDA:128,13,0,0
BRDA:128,13,1,1
BRDA:156,14,0,3
BRDA:156,14,1,0
BRDA:156,15,0,3
BRDA:156,15,1,3
BRDA:160,16,0,0
BRDA:160,16,1,3
BRDA:160,17,0,3
BRDA:160,17,1,3
BRDA:165,18,0,0
BRDA:165,18,1,3
BRDA:166,19,0,0
BRDA:166,19,1,3
BRDA:176,20,0,6
BRDA:176,20,1,6
BRDA:187,21,0,4
BRDA:187,21,1,0
BRDA:206,22,0,1
BRDA:206,22,1,3
BRDA:207,23,0,4
BRDA:207,23,1,0
BRDA:216,24,0,1
BRDA:255,25,0,0
BRDA:255,25,1,2
BRDA:259,26,0,1
BRDA:259,26,1,1
BRDA:263,27,0,0
BRDA:263,27,1,2
BRF:58
BRH:48
end_of_record
TN:
SF:core\realtime.js
FN:10,(anonymous_0)
FN:36,(anonymous_1)
FN:54,(anonymous_2)
FN:55,(anonymous_3)
FN:56,(anonymous_4)
FN:72,(anonymous_5)
FN:113,(anonymous_6)
FN:141,(anonymous_7)
FN:167,(anonymous_8)
FN:186,(anonymous_9)
FN:197,(anonymous_10)
FN:228,(anonymous_11)
FN:239,(anonymous_12)
FN:260,(anonymous_13)
FN:286,(anonymous_14)
FN:294,(anonymous_15)
FN:309,(anonymous_16)
FN:321,(anonymous_17)
FN:337,(anonymous_18)
FN:357,(anonymous_19)
FN:377,(anonymous_20)
FN:397,(anonymous_21)
FN:404,(anonymous_22)
FN:406,(anonymous_23)
FN:408,(anonymous_24)
FN:414,(anonymous_25)
FN:416,(anonymous_26)
FN:417,(anonymous_27)
FN:418,(anonymous_28)
FN:426,(anonymous_29)
FNF:30
FNH:26
FNDA:8,(anonymous_0)
FNDA:10,(anonymous_1)
FNDA:0,(anonymous_2)
FNDA:0,(anonymous_3)
FNDA:0,(anonymous_4)
FNDA:6,(anonymous_5)
FNDA:5,(anonymous_6)
FNDA:1,(anonymous_7)
FNDA:2,(anonymous_8)
FNDA:2,(anonymous_9)
FNDA:3,(anonymous_10)
FNDA:3,(anonymous_11)
FNDA:2,(anonymous_12)
FNDA:1,(anonymous_13)
FNDA:1,(anonymous_14)
FNDA:30,(anonymous_15)
FNDA:1,(anonymous_16)
FNDA:1,(anonymous_17)
FNDA:1,(anonymous_18)
FNDA:3,(anonymous_19)
FNDA:2,(anonymous_20)
FNDA:10,(anonymous_21)
FNDA:1,(anonymous_22)
FNDA:1,(anonymous_23)
FNDA:1,(anonymous_24)
FNDA:0,(anonymous_25)
FNDA:1,(anonymous_26)
FNDA:1,(anonymous_27)
FNDA:1,(anonymous_28)
FNDA:1,(anonymous_29)
DA:6,1
DA:7,1
DA:11,8
DA:12,8
DA:23,8
DA:24,8
DA:25,8
DA:26,8
DA:27,8
DA:28,8
DA:29,8
DA:30,8
DA:37,10
DA:38,10
DA:50,10
DA:51,10
DA:54,10
DA:55,10
DA:56,10
DA:59,10
DA:65,10
DA:66,10
DA:73,6
DA:74,6
DA:76,6
DA:77,6
DA:78,5
DA:79,5
DA:82,5
DA:84,1
DA:85,1
DA:87,1
DA:88,1
DA:90,0
DA:91,0
DA:93,1
DA:94,1
DA:96,0
DA:97,0
DA:99,1
DA:100,1
DA:102,1
DA:105,1
DA:106,1
DA:114,5
DA:115,5
DA:117,4
DA:118,4
DA:120,4
DA:122,4
DA:123,3
DA:126,4
DA:129,4
[...]
FN:178,(anonymous_10)
FN:186,(anonymous_11)
FN:211,(anonymous_12)
FN:215,(anonymous_13)
FN:219,(anonymous_14)
FN:223,(anonymous_15)
FN:227,(anonymous_16)
FN:231,(anonymous_17)
FN:240,(anonymous_18)
FN:242,(anonymous_19)
FN:248,(anonymous_20)
FN:261,(anonymous_21)
FN:267,(anonymous_22)
FN:278,(anonymous_23)
FN:281,(anonymous_24)
FN:295,(anonymous_25)
FN:311,(anonymous_26)
FN:332,(anonymous_27)
FN:334,(anonymous_28)
FN:335,(anonymous_29)
FNF:30
FNH:27
FNDA:6,(anonymous_0)
FNDA:2,(anonymous_1)
FNDA:3,(anonymous_2)
FNDA:1,(anonymous_3)
FNDA:2,(anonymous_4)
FNDA:2,(anonymous_5)
FNDA:3,(anonymous_6)
FNDA:6,(anonymous_7)
FNDA:3,(anonymous_8)
FNDA:10,(anonymous_9)
FNDA:10,(anonymous_10)
FNDA:1,(anonymous_11)
FNDA:2,(anonymous_12)
FNDA:2,(anonymous_13)
FNDA:1,(anonymous_14)
FNDA:0,(anonymous_15)
FNDA:0,(anonymous_16)
FNDA:0,(anonymous_17)
FNDA:2,(anonymous_18)
FNDA:3,(anonymous_19)
FNDA:2,(anonymous_20)
FNDA:9,(anonymous_21)
FNDA:2,(anonymous_22)
FNDA:1,(anonymous_23)
FNDA:1,(anonymous_24)
FNDA:1,(anonymous_25)
FNDA:1,(anonymous_26)
FNDA:1,(anonymous_27)
FNDA:1,(anonymous_28)
FNDA:1,(anonymous_29)
DA:6,1
DA:7,1
DA:11,6
DA:21,6
DA:22,6
DA:23,6
DA:24,6
DA:31,2
DA:33,1
DA:34,1
DA:36,1
DA:37,1
DA:39,1
DA:41,1
DA:54,3
DA:56,2
DA:57,2
DA:63,2
DA:65,2
DA:66,2
DA:68,1
DA:70,1
DA:71,1
DA:79,1
DA:80,1
DA:81,1
DA:83,1
DA:95,2
DA:96,2
DA:104,2
DA:106,0
DA:107,0
DA:115,2
DA:117,1
DA:130,3
DA:139,3
DA:140,3
DA:142,2
DA:149,6
DA:150,6
DA:152,6
DA:153,1
DA:156,6
DA:159,6
DA:160,6
DA:161,1
DA:164,6
DA:171,3
DA:172,3
DA:174,2
DA:175,10
DA:178,10
DA:180,2
DA:187,1
DA:189,1
DA:202,1
DA:205,1
DA:212,2
DA:214,2
DA:215,2
DA:218,2
DA:219,1
DA:222,2
DA:223,0
DA:226,2
DA:227,0
DA:230,2
DA:231,0
DA:234,2
DA:241,2
DA:242,3
DA:249,2
DA:251,2
DA:261,9
DA:268,2
DA:269,1
DA:270,1
DA:272,1
DA:279,1
DA:281,1
DA:282,1
DA:283,1
DA:284,1
DA:285,1
DA:289,1
DA:296,1
DA:312,1
DA:314,1
DA:315,0
DA:318,1
DA:319,0
DA:322,1
DA:323,1
DA:326,1
DA:333,1
DA:334,1
DA:335,1
DA:337,1
DA:347,1
LF:99
LH:92
BRDA:10,0,0,0
BRDA:12,1,0,6
BRDA:12,1,1,0
BRDA:12,1,2,0
BRDA:13,2,0,6
BRDA:13,2,1,6
BRDA:16,3,0,6
BRDA:16,3,1,5
BRDA:17,4,0,6
BRDA:17,4,1,6
BRDA:30,5,0,2
BRDA:31,6,0,1
BRDA:31,6,1,1
BRDA:54,7,0,1
BRDA:54,7,1,2
BRDA:54,8,0,3
BRDA:54,8,1,2
BRDA:78,9,0,0
BRDA:115,10,0,1
BRDA:115,10,1,1
BRDA:140,11,0,1
BRDA:140,11,1,2
BRDA:152,12,0,1
BRDA:152,12,1,5
BRDA:160,13,0,1
BRDA:160,13,1,5
BRDA:172,14,0,1
BRDA:172,14,1,2
BRDA:175,15,0,10
BRDA:175,15,1,1
BRDA:187,16,0,0
BRDA:187,16,1,1
BRDA:199,17,0,1
BRDA:199,17,1,0
BRDA:211,18,0,0
BRDA:214,19,0,1
BRDA:214,19,1,1
BRDA:218,20,0,1
BRDA:218,20,1,1
BRDA:222,21,0,0
BRDA:222,21,1,2
BRDA:226,22,0,0
BRDA:226,22,1,2
BRDA:230,23,0,0
BRDA:230,23,1,2
BRDA:249,24,0,0
BRDA:249,24,1,2
BRDA:268,25,0,1
BRDA:268,25,1,1
BRDA:278,26,0,0
BRDA:282,27,0,1
BRDA:282,27,1,0
BRDA:314,28,0,0
BRDA:314,28,1,1
BRDA:318,29,0,0
BRDA:318,29,1,1
BRDA:322,30,0,1
BRDA:322,30,1,0
BRDA:322,31,0,1
BRDA:322,31,1,1
BRDA:335,32,0,1
BRDA:335,32,1,1
BRF:62
BRH:46
end_of_record
TN:
SF:core\threatDetection.js
FN:7,(anonymous_0)
FN:47,(anonymous_1)
FN:121,(anonymous_2)
FN:126,(anonymous_3)
FN:157,(anonymous_4)
FN:178,(anonymous_5)
FN:189,(anonymous_6)
FN:214,(anonymous_7)
FN:233,(anonymous_8)
FN:252,(anonymous_9)
FN:278,(anonymous_10)
FN:281,(anonymous_11)
FN:290,(anonymous_12)
FN:305,(anonymous_13)
FN:317,(anonymous_14)
FN:326,(anonymous_15)
FN:338,(anonymous_16)
FN:346,(anonymous_17)
FN:348,(anonymous_18)
FN:349,(anonymous_19)
FN:351,(anonymous_20)
FN:371,(anonymous_21)
FN:373,(anonymous_22)
FN:374,(anonymous_23)
FN:381,(anonymous_24)
FNF:25
FNH:21
FNDA:7,(anonymous_0)
FNDA:8,(anonymous_1)
FNDA:5,(anonymous_2)
FNDA:75,(anonymous_3)
FNDA:5,(anonymous_4)
FNDA:6,(anonymous_5)
FNDA:5,(anonymous_6)
FNDA:12,(anonymous_7)
FNDA:6,(anonymous_8)
FNDA:7,(anonymous_9)
FNDA:82,(anonymous_10)
FNDA:0,(anonymous_11)
FNDA:9,(anonymous_12)
FNDA:2,(anonymous_13)
FNDA:0,(anonymous_14)
FNDA:1,(anonymous_15)
FNDA:1,(anonymous_16)
FNDA:3,(anonymous_17)
FNDA:1,(anonymous_18)
FNDA:0,(anonymous_19)
FNDA:1,(anonymous_20)
FNDA:2,(anonymous_21)
FNDA:2,(anonymous_22)
FNDA:0,(anonymous_23)
FNDA:1,(anonymous_24)
DA:8,7
DA:34,7
DA:35,7
DA:36,7
DA:37,7
DA:38,7
DA:39,7
DA:40,7
DA:41,7
DA:48,8
DA:49,8
DA:51,8
DA:64,8
DA:65,1
DA:66,1
DA:67,1
DA:70,7
DA:71,1
DA:72,1
DA:73,1
DA:77,6
DA:78,5
DA:82,6
DA:83,5
DA:87,6
DA:88,5
DA:92,6
DA:95,6
DA:96,4
DA:97,4
DA:101,6
DA:102,6
DA:105,6
DA:106,4
DA:110,6
DA:111,1
DA:112,1
DA:115,6
DA:122,5
DA:125,5
DA:126,75
DA:128,5
DA:129,3
DA:130,3
DA:134,5
DA:135,5
DA:136,1
DA:137,1
DA:141,5
DA:142,1
DA:143,1
DA:147,5
DA:148,5
DA:149,1
DA:150,1
DA:158,5
DA:166,5
DA:168,5
DA:169,21
DA:170,1
DA:171,1
DA:172,1
DA:177,5
DA:178,6
DA:179,1
DA:180,1
DA:181,1
DA:190,5
DA:191,4
DA:197,4
DA:200,1
DA:201,1
DA:204,1
DA:205,1
DA:207,1
DA:208,1
DA:209,1
DA:213,1
DA:214,1
DA:215,12
DA:218,1
DA:219,1
DA:220,1
DA:221,1
DA:226,1
DA:227,1
DA:234,6
DA:237,6
DA:238,6
DA:241,6
DA:242,6
DA:243,0
DA:246,6
DA:253,7
DA:254,4
DA:266,7
DA:267,7
DA:268,7
DA:269,7
DA:270,7
DA:271,7
DA:272,7
DA:273,7
DA:274,7
DA:277,7
DA:278,82
DA:281,7
DA:282,0
DA:284,7
DA:291,9
DA:306,2
DA:307,2
DA:314,2
DA:317,2
DA:318,0
DA:320,2
DA:327,1
DA:328,1
DA:339,1
DA:340,1
DA:347,3
DA:348,1
DA:349,0
DA:351,1
DA:353,3
DA:372,2
DA:373,2
DA:374,0
DA:382,1
DA:383,1
DA:384,1
DA:385,1
DA:386,1
DA:387,1
DA:391,1
LF:135
LH:130
BRDA:7,0,0,4
BRDA:15,1,0,7
BRDA:15,1,1,5
BRDA:16,2,0,7
BRDA:16,2,1,6
BRDA:17,3,0,7
BRDA:17,3,1,6
BRDA:20,4,0,7
BRDA:20,4,1,7
BRDA:21,5,0,7
BRDA:21,5,1,7
BRDA:24,6,0,7
BRDA:24,6,1,7
BRDA:25,7,0,7
BRDA:25,7,1,7
BRDA:28,8,0,7
BRDA:28,8,1,7
BRDA:29,9,0,7
BRDA:29,9,1,7
BRDA:48,10,0,8
BRDA:48,10,1,1
BRDA:56,11,0,8
BRDA:56,11,1,1
BRDA:64,12,0,1
BRDA:64,12,1,7
BRDA:70,13,0,1
BRDA:70,13,1,6
BRDA:77,14,0,5
BRDA:77,14,1,1
BRDA:82,15,0,5
BRDA:82,15,1,1
BRDA:87,16,0,5
BRDA:87,16,1,1
BRDA:95,17,0,4
BRDA:95,17,1,2
BRDA:96,18,0,4
BRDA:96,18,1,4
BRDA:105,19,0,4
BRDA:105,19,1,2
BRDA:106,20,0,2
BRDA:106,20,1,2
BRDA:110,21,0,1
BRDA:110,21,1,5
BRDA:110,22,0,6
BRDA:110,22,1,2
BRDA:128,23,0,3
BRDA:128,23,1,2
BRDA:134,24,0,5
BRDA:134,24,1,4
BRDA:135,25,0,1
BRDA:135,25,1,4
BRDA:141,26,0,1
BRDA:141,26,1,4
BRDA:148,27,0,1
BRDA:148,27,1,4
BRDA:148,28,0,5
BRDA:148,28,1,2
BRDA:169,29,0,1
BRDA:169,29,1,20
BRDA:177,30,0,1
BRDA:177,30,1,4
BRDA:177,31,0,5
BRDA:177,31,1,1
BRDA:179,32,0,1
BRDA:179,32,1,0
BRDA:190,33,0,4
BRDA:190,33,1,1
BRDA:204,34,0,1
BRDA:204,34,1,0
BRDA:205,35,0,1
BRDA:205,35,1,0
BRDA:207,36,0,1
BRDA:207,36,1,0
BRDA:215,37,0,12
BRDA:215,37,1,1
BRDA:219,38,0,1
BRDA:219,38,1,0
BRDA:219,39,0,1
BRDA:219,39,1,1
BRDA:237,40,0,6
BRDA:237,40,1,2
BRDA:242,41,0,0
BRDA:242,41,1,6
BRDA:242,42,0,6
BRDA:242,42,1,6
BRDA:253,43,0,4
BRDA:253,43,1,3
BRDA:269,44,0,7
BRDA:269,44,1,1
BRDA:284,45,0,7
BRDA:284,45,1,0
BRDA:291,46,0,9
BRDA:291,46,1,3
BRDA:305,47,0,0
BRDA:320,48,0,2
BRDA:320,48,1,0
BRDA:348,49,0,1
BRDA:348,49,1,1
BRDA:371,50,0,1
BRF:99
BRH:90
end_of_record
TN:
SF:core\transactions.js
FN:7,(anonymous_0)
FN:28,(anonymous_1)
FN:53,(anonymous_2)
FN:95,(anonymous_3)
FN:120,(anonymous_4)
FN:125,(anonymous_5)
FN:151,(anonymous_6)
FN:188,(anonymous_7)
FN:208,(anonymous_8)
FN:247,(anonymous_9)
FN:280,(anonymous_10)
FN:287,(anonymous_11)
FN:297,(anonymous_12)
FN:322,(anonymous_13)
FN:336,(anonymous_14)
FN:355,(anonymous_15)
FN:362,(anonymous_16)
FN:371,(anonymous_17)
FN:385,(anonymous_18)
FN:386,(anonymous_19)
FN:395,(anonymous_20)
FN:412,(anonymous_21)
FN:413,(anonymous_22)
FN:424,(anonymous_23)
FN:431,(anonymous_24)
FNF:25
FNH:25
FNDA:10,(anonymous_0)
FNDA:11,(anonymous_1)
FNDA:9,(anonymous_2)
FNDA:2,(anonymous_3)
FNDA:2,(anonymous_4)
FNDA:1,(anonymous_5)
FNDA:8,(anonymous_6)
FNDA:1,(anonymous_7)
FNDA:3,(anonymous_8)
FNDA:7,(anonymous_9)
FNDA:1,(anonymous_10)
FNDA:5,(anonymous_11)
FNDA:7,(anonymous_12)
FNDA:5,(anonymous_13)
FNDA:3,(anonymous_14)
FNDA:1,(anonymous_15)
FNDA:4,(anonymous_16)
FNDA:18,(anonymous_17)
FNDA:5,(anonymous_18)
FNDA:1,(anonymous_19)
FNDA:2,(anonymous_20)
FNDA:1,(anonymous_21)
FNDA:1,(anonymous_22)
FNDA:3,(anonymous_23)
FNDA:2,(anonymous_24)
DA:8,10
DA:18,10
DA:19,10
DA:20,10
DA:21,10
DA:22,10
DA:29,11
DA:30,11
DA:44,11
DA:45,11
DA:47,11
DA:54,9
DA:55,9
DA:56,8
DA:58,7
DA:60,7
DA:61,3
DA:65,7
DA:66,1
DA:67,6
DA:68,6
DA:72,7
DA:75,6
DA:85,6
DA:87,1
DA:88,1
DA:96,2
DA:97,2
DA:99,1
DA:106,1
DA:107,1
DA:110,1
DA:111,1
DA:112,1
DA:114,1
DA:121,2
DA:122,2
DA:124,2
DA:125,2
DA:126,2
DA:129,1
DA:130,1
DA:131,1
DA:132,1
DA:133,1
DA:134,1
DA:136,0
DA:142,1
DA:143,1
DA:145,1
DA:152,8
DA:153,8
DA:154,7
DA:156,6
DA:158,6
DA:159,1
DA:163,5
DA:166,2
DA:169,2
DA:172,2
DA:173,1
DA:177,2
DA:178,2
DA:179,2
DA:181,2
DA:182,2
DA:184,2
DA:186,4
DA:187,1
DA:188,1
DA:189,1
DA:193,3
DA:194,2
DA:201,3
DA:209,3
DA:210,3
DA:212,2
DA:214,2
DA:215,3
DA:216,3
DA:217,3
DA:218,3
DA:220,1
DA:226,2
DA:227,2
DA:230,2
DA:231,2
DA:232,2
DA:234,2
DA:235,2
DA:237,2
DA:239,0
DA:240,0
DA:248,7
DA:249,7
DA:251,7
DA:253,8
DA:254,5
DA:256,5
DA:257,5
DA:258,4
DA:261,5
DA:264,3
DA:267,3
DA:268,1
DA:269,1
DA:271,1
DA:275,2
DA:276,1
DA:280,1
DA:288,5
DA:289,5
DA:290,4
DA:298,7
DA:299,7
DA:302,7
DA:303,9
DA:304,2
DA:307,2
DA:310,0
DA:313,0
DA:316,5
DA:323,5
DA:324,4
DA:325,3
DA:326,3
DA:327,3
DA:337,3
DA:344,3
DA:347,3
DA:348,1
DA:356,1
DA:363,4
DA:364,4
DA:365,4
DA:372,18
DA:379,18
DA:386,5
DA:387,1
DA:388,1
DA:396,2
DA:397,2
DA:399,1
DA:413,1
DA:425,3
DA:432,2
DA:433,1
DA:436,1
DA:437,1
DA:438,1
DA:439,1
DA:440,1
DA:442,0
DA:447,1
LF:154
LH:148
BRDA:7,0,0,3
BRDA:10,1,0,10
BRDA:10,1,1,10
BRDA:11,2,0,10
BRDA:11,2,1,9
BRDA:12,3,0,10
BRDA:12,3,1,9
BRDA:13,4,0,10
BRDA:13,4,1,7
BRDA:28,5,0,0
BRDA:29,6,0,11
BRDA:29,6,1,0
BRDA:55,7,0,1
BRDA:55,7,1,8
BRDA:56,8,0,1
BRDA:56,8,1,7
BRDA:60,9,0,3
BRDA:60,9,1,4
BRDA:65,10,0,1
BRDA:65,10,1,6
BRDA:67,11,0,6
BRDA:67,11,1,0
BRDA:81,12,0,6
BRDA:81,12,1,2
BRDA:82,13,0,6
BRDA:82,13,1,4
BRDA:97,14,0,1
BRDA:97,14,1,1
BRDA:106,15,0,1
BRDA:106,15,1,0
BRDA:122,16,0,0
BRDA:122,16,1,2
BRDA:124,17,0,2
BRDA:124,17,1,1
BRDA:126,18,0,1
BRDA:126,18,1,1
BRDA:132,19,0,1
BRDA:132,19,1,0
BRDA:151,20,0,7
BRDA:153,21,0,1
BRDA:153,21,1,7
BRDA:154,22,0,1
BRDA:154,22,1,6
BRDA:158,23,0,1
BRDA:158,23,1,5
BRDA:186,24,0,1
BRDA:186,24,1,3
BRDA:193,25,0,2
BRDA:193,25,1,1
BRDA:210,26,0,1
BRDA:210,26,1,2
BRDA:216,27,0,3
BRDA:216,27,1,0
BRDA:247,28,0,0
BRDA:253,29,0,5
BRDA:253,29,1,3
BRDA:257,30,0,4
BRDA:257,30,1,1
BRDA:267,31,0,1
BRDA:267,31,1,2
BRDA:268,32,0,1
BRDA:268,32,1,0
BRDA:268,33,0,1
BRDA:268,33,1,1
BRDA:275,34,0,1
BRDA:275,34,1,1
BRDA:289,35,0,4
BRDA:289,35,1,1
BRDA:289,36,0,5
BRDA:289,36,1,5
BRDA:299,37,0,0
BRDA:299,37,1,7
BRDA:303,38,0,7
BRDA:303,38,1,2
BRDA:304,39,0,0
BRDA:304,39,1,2
BRDA:307,40,0,2
BRDA:307,40,1,0
BRDA:310,41,0,0
BRDA:310,41,1,0
BRDA:313,42,0,0
BRDA:313,42,1,0
BRDA:324,43,0,3
BRDA:324,43,1,1
BRDA:326,44,0,3
BRDA:326,44,1,0
BRDA:347,45,0,1
BRDA:347,45,1,2
BRDA:397,46,0,1
BRDA:397,46,1,1
BRDA:432,47,0,1
BRDA:432,47,1,1
BRF:92
BRH:75
end_of_record
TN:
SF:core\typescript.js
FN:7,(anonymous_0)
FN:27,(anonymous_1)
FN:45,(anonymous_2)
FN:108,(anonymous_3)
FN:121,(anonymous_4)
FN:154,(anonymous_5)
FN:186,(anonymous_6)
FN:190,(anonymous_7)
FN:205,(anonymous_8)
FN:213,(anonymous_9)
FN:259,(anonymous_10)
FN:317,(anonymous_11)
FN:384,(anonymous_12)
FN:419,(anonymous_13)
FN:423,(anonymous_14)
FN:443,(anonymous_15)
FN:459,(anonymous_16)
FNF:17
FNH:17
FNDA:3,(anonymous_0)
FNDA:2,(anonymous_1)
FNDA:2,(anonymous_2)
FNDA:2,(anonymous_3)
FNDA:2,(anonymous_4)
FNDA:8,(anonymous_5)
FNDA:2,(anonymous_6)
FNDA:4,(anonymous_7)
FNDA:2,(anonymous_8)
FNDA:2,(anonymous_9)
FNDA:1,(anonymous_10)
FNDA:1,(anonymous_11)
FNDA:3,(anonymous_12)
FNDA:1,(anonymous_13)
FNDA:28,(anonymous_14)
FNDA:9,(anonymous_15)
FNDA:1,(anonymous_16)
DA:8,3
DA:19,3
DA:20,3
DA:21,3
DA:28,2
DA:29,2
DA:30,2
DA:32,2
DA:33,2
DA:34,2
DA:35,2
DA:36,2
DA:38,2
DA:39,2
DA:46,2
DA:109,2
DA:111,2
DA:112,2
DA:115,2
DA:122,2
DA:123,2
DA:125,2
DA:132,2
DA:133,8
DA:134,8
DA:135,8
DA:136,8
DA:138,8
DA:141,2
DA:148,2
DA:155,8
DA:156,8
DA:170,8
DA:172,8
DA:173,2
DA:176,8
DA:177,2
DA:180,8
DA:187,2
DA:189,2
DA:190,2
DA:191,4
DA:196,4
DA:198,2
DA:200,2
DA:201,2
DA:202,2
DA:206,2
DA:207,2
DA:214,2
DA:216,2
DA:217,2
DA:219,2
DA:253,2
DA:260,1
DA:278,1
DA:279,1
DA:280,1
DA:282,1
DA:307,1
DA:311,1
DA:318,1
DA:326,1
DA:327,1
DA:329,1
DA:378,1
DA:385,3
DA:389,3
DA:390,3
DA:391,3
DA:393,3
DA:397,3
DA:398,12
DA:399,12
DA:401,12
DA:402,12
DA:403,12
DA:404,12
DA:405,12
DA:407,12
DA:410,3
DA:413,3
DA:420,1
DA:424,28
DA:425,5
DA:428,23
DA:429,5
DA:436,18
DA:444,9
DA:445,9
DA:447,0
DA:448,0
DA:450,0
DA:451,0
DA:453,0
DA:460,1
DA:461,1
DA:463,1
DA:464,1
DA:466,1
DA:467,1
DA:468,1
DA:471,1
DA:473,0
DA:478,1
LF:105
LH:99
BRDA:7,0,0,3
BRDA:15,1,0,3
BRDA:15,1,1,3
BRDA:122,2,0,2
BRDA:122,2,1,0
BRDA:135,3,0,2
BRDA:135,3,1,6
BRDA:136,4,0,2
BRDA:136,4,1,6
BRDA:170,5,0,8
BRDA:170,5,1,0
BRDA:172,6,0,2
BRDA:172,6,1,6
BRDA:176,7,0,2
BRDA:176,7,1,6
BRDA:206,8,0,0
BRDA:206,8,1,2
BRDA:259,9,0,0
BRDA:391,10,0,3
BRDA:391,10,1,0
BRDA:401,11,0,3
BRDA:401,11,1,9
BRDA:402,12,0,3
BRDA:402,12,1,9
BRDA:403,13,0,0
BRDA:403,13,1,12
BRDA:404,14,0,0
BRDA:404,14,1,12
BRDA:405,15,0,0
BRDA:405,15,1,12
BRDA:424,16,0,5
BRDA:424,16,1,23
BRDA:428,17,0,5
BRDA:428,17,1,18
BRDA:431,18,0,5
BRDA:431,18,1,0
BRDA:439,19,0,18
BRDA:439,19,1,0
BRDA:444,20,0,9
BRDA:444,20,1,0
BRDA:447,21,0,0
BRDA:447,21,1,0
BRDA:450,22,0,0
BRDA:450,22,1,0
BRDA:459,23,0,0
BRF:45
BRH:29
end_of_record
TN:
SF:core\validator.js
FN:4,(anonymous_0)
FN:8,(anonymous_1)
FN:14,(anonymous_2)
FN:32,(anonymous_3)
FNF:4
FNH:4
FNDA:3,(anonymous_0)
FNDA:3,(anonymous_1)
FNDA:5,(anonymous_2)
FNDA:22,(anonymous_3)
DA:1,2
DA:5,3
DA:9,3
DA:10,3
DA:15,5
DA:16,5
DA:18,4
DA:20,4
DA:21,20
DA:22,20
DA:24,20
DA:25,11
DA:29,4
DA:33,22
DA:34,22
DA:36,22
DA:37,37
DA:39,37
DA:41,5
DA:42,0
DA:44,5
DA:47,5
DA:48,2
DA:50,5
DA:53,4
DA:54,4
DA:55,2
DA:57,4
DA:60,4
DA:61,4
DA:62,1
DA:64,4
DA:67,4
DA:68,2
DA:70,4
DA:73,4
DA:74,2
DA:76,4
DA:79,4
DA:80,2
DA:82,4
DA:85,3
DA:86,1
DA:88,3
DA:92,2
DA:96,2
DA:100,22
DA:104,2
LF:48
LH:47
BRDA:16,0,0,1
BRDA:16,0,1,4
BRDA:24,1,0,11
BRDA:24,1,1,9
BRDA:29,2,0,2
BRDA:29,2,1,2
BRDA:39,3,0,5
BRDA:39,3,1,5
BRDA:39,3,2,4
BRDA:39,3,3,4
BRDA:39,3,4,4
BRDA:39,3,5,4
BRDA:39,3,6,4
BRDA:39,3,7,3
BRDA:39,3,8,2
BRDA:39,3,9,2
BRDA:41,4,0,0
BRDA:41,4,1,5
BRDA:41,5,0,5
BRDA:41,5,1,5
BRDA:41,5,2,5
BRDA:47,6,0,2
BRDA:47,6,1,3
BRDA:47,7,0,5
BRDA:47,7,1,4
BRDA:54,8,0,2
BRDA:54,8,1,2
BRDA:54,9,0,4
BRDA:54,9,1,3
BRDA:61,10,0,1
BRDA:61,10,1,3
BRDA:61,11,0,4
BRDA:61,11,1,4
BRDA:67,12,0,2
BRDA:67,12,1,2
BRDA:67,13,0,4
BRDA:67,13,1,3
BRDA:73,14,0,2
BRDA:73,14,1,2
BRDA:73,15,0,4
BRDA:73,15,1,3
BRDA:79,16,0,2
BRDA:79,16,1,2
BRDA:79,17,0,4
BRDA:79,17,1,3
BRDA:85,18,0,1
BRDA:85,18,1,2
BRDA:85,19,0,3
BRDA:85,19,1,2
BRF:49
BRH:48
end_of_record
TN:
SF:core\webhookManager.js
FN:6,(anonymous_0)
FN:11,(anonymous_1)
FN:17,(anonymous_2)
FN:27,(anonymous_3)
FN:37,(anonymous_4)
FN:39,(anonymous_5)
FN:39,(anonymous_6)
FNF:7
FNH:7
FNDA:5,(anonymous_0)
FNDA:4,(anonymous_1)
FNDA:6,(anonymous_2)
FNDA:4,(anonymous_3)
FNDA:3,(anonymous_4)
FNDA:4,(anonymous_5)
FNDA:4,(anonymous_6)
DA:1,1
DA:2,1
DA:3,1
DA:7,5
DA:8,5
DA:12,4
DA:13,4
DA:14,4
DA:18,6
DA:22,6
DA:23,6
DA:24,5
DA:28,4
DA:29,4
DA:30,4
DA:31,4
DA:32,4
DA:34,3
DA:38,3
DA:39,4
DA:40,4
DA:41,4
DA:42,4
DA:43,3
DA:44,3
DA:45,1
DA:49,3
DA:50,3
DA:51,2
DA:53,1
DA:54,1
DA:57,3
DA:61,1
LF:33
LH:33
BRDA:6,0,0,4
BRDA:12,1,0,4
BRDA:12,1,1,0
BRDA:17,2,0,6
BRDA:20,3,0,3
BRDA:20,3,1,3
BRDA:22,4,0,6
BRDA:22,4,1,0
BRDA:23,5,0,1
BRDA:23,5,1,5
BRDA:27,6,0,1
BRDA:28,7,0,4
BRDA:28,7,1,1
BRDA:29,8,0,4
BRDA:29,8,1,3
BRDA:37,9,0,2
BRDA:41,10,0,4
BRDA:41,10,1,3
BRDA:42,11,0,3
BRDA:42,11,1,1
BRDA:43,12,0,3
BRDA:43,12,1,1
BRDA:44,13,0,1
BRDA:44,13,1,2
BRDA:44,14,0,3
BRDA:44,14,1,3
BRDA:44,15,0,3
BRDA:44,15,1,0
BRF:28
BRH:25
end_of_record
TN:
SF:core\websocketEnhancements.js
FN:2,(anonymous_0)
FN:9,(anonymous_1)
FN:15,(anonymous_2)
FN:20,(anonymous_3)
FN:25,(anonymous_4)
FN:30,(anonymous_5)
FN:37,(anonymous_6)
FN:43,(anonymous_7)
FN:47,(anonymous_8)
FN:54,(anonymous_9)
FNF:10
FNH:10
FNDA:1,(anonymous_0)
FNDA:1,(anonymous_1)
FNDA:1,(anonymous_2)
FNDA:1,(anonymous_3)
FNDA:1,(anonymous_4)
FNDA:2,(anonymous_5)
FNDA:1,(anonymous_6)
FNDA:1,(anonymous_7)
FNDA:1,(anonymous_8)
FNDA:1,(anonymous_9)
DA:3,1
DA:4,1
DA:5,1
DA:6,1
DA:10,1
DA:11,1
DA:12,1
DA:16,1
DA:17,1
DA:21,1
DA:22,1
DA:26,1
DA:27,1
DA:31,2
DA:32,2
DA:33,1
DA:34,1
DA:38,1
DA:39,1
DA:40,1
DA:44,1
DA:48,1
DA:49,1
DA:50,1
DA:51,1
DA:55,1
DA:59,1
LF:27
LH:27
BRDA:11,0,0,1
BRDA:11,0,1,0
BRDA:11,1,0,1
BRDA:11,1,1,1
BRDA:32,2,0,1
BRDA:32,2,1,1
BRDA:37,3,0,0
BRDA:44,4,0,1
BRDA:44,4,1,1
BRDA:48,5,0,1
BRDA:48,5,1,0
BRDA:51,6,0,0
BRDA:51,6,1,1
BRDA:54,7,0,1
BRDA:55,8,0,1
BRDA:55,8,1,0
BRF:16
BRH:11
end_of_record
TN:
SF:middleware\errorHandler.js
FN:4,(anonymous_0)
FN:16,(anonymous_1)
FN:57,handleValidationError
FN:70,handleAuthenticationError
FN:82,handleAuthorizationError
FN:94,handleNotFoundError
FN:106,handleConflictError
FN:118,handleServerError
FN:135,handleGenericError
FN:147,alertCriticalError
FN:161,(anonymous_10)
FN:173,(anonymous_11)
FN:180,(anonymous_12)
FNF:13
FNH:11
FNDA:10,(anonymous_0)
FNDA:8,(anonymous_1)
FNDA:1,handleValidationError
FNDA:1,handleAuthenticationError
FNDA:1,handleAuthorizationError
FNDA:2,handleNotFoundError
FNDA:1,handleConflictError
FNDA:1,handleServerError
FNDA:1,handleGenericError
FNDA:1,alertCriticalError
FNDA:2,(anonymous_10)
FNDA:0,(anonymous_11)
FNDA:0,(anonymous_12)
DA:1,3
DA:5,10
DA:6,10
DA:7,10
DA:8,10
DA:16,3
DA:17,8
DA:18,8
DA:19,8
DA:22,8
DA:35,8
DA:36,1
DA:37,7
DA:38,1
DA:39,6
DA:40,1
DA:41,5
DA:42,2
DA:43,3
DA:44,1
DA:45,2
DA:46,1
DA:48,1
DA:52,8
DA:53,1
DA:58,1
DA:71,1
DA:83,1
DA:95,2
DA:107,1
DA:119,1
DA:121,1
DA:136,1
DA:150,1
DA:161,3
DA:162,2
DA:167,2
DA:173,3
DA:174,0
DA:180,3
DA:181,0
DA:185,0
DA:188,3
LF:43
LH:40
BRDA:4,0,0,0
BRDA:4,1,0,0
BRDA:17,2,0,8
BRDA:17,2,1,0
BRDA:18,3,0,8
BRDA:18,3,1,0
BRDA:35,4,0,1
BRDA:35,4,1,7
BRDA:37,5,0,1
BRDA:37,5,1,6
BRDA:39,6,0,1
BRDA:39,6,1,5
BRDA:41,7,0,2
BRDA:41,7,1,3
BRDA:43,8,0,1
BRDA:43,8,1,2
BRDA:45,9,0,1
BRDA:45,9,1,1
BRDA:52,10,0,1
BRDA:52,10,1,7
BRDA:61,11,0,1
BRDA:61,11,1,0
BRDA:64,12,0,1
BRDA:64,12,1,1
BRDA:75,13,0,1
BRDA:75,13,1,0
BRDA:87,14,0,1
BRDA:87,14,1,0
BRDA:99,15,0,2
BRDA:99,15,1,0
BRDA:111,16,0,1
BRDA:111,16,1,0
BRDA:125,17,0,0
BRDA:125,17,1,1
BRDA:129,18,0,1
BRDA:129,18,1,0
BRF:36
BRH:25
end_of_record
TN:
SF:middleware\requestLogger.js
FN:13,(anonymous_0)
FN:14,(anonymous_1)
FN:42,(anonymous_2)
FN:50,(anonymous_3)
FN:55,(anonymous_4)
FN:74,(anonymous_5)
FN:75,(anonymous_6)
FNF:7
FNH:4
FNDA:0,(anonymous_0)
FNDA:0,(anonymous_1)
FNDA:0,(anonymous_2)
FNDA:1,(anonymous_3)
FNDA:1,(anonymous_4)
FNDA:1,(anonymous_5)
FNDA:1,(anonymous_6)
DA:1,1
DA:2,1
DA:3,1
DA:4,1
DA:7,1
DA:8,1
DA:9,0
DA:13,1
DA:14,1
DA:15,0
DA:16,0
DA:17,0
DA:21,1
DA:26,1
DA:32,1
DA:42,0
DA:50,1
DA:51,1
DA:54,1
DA:55,1
DA:56,1
DA:57,1
DA:59,1
DA:67,1
DA:70,1
DA:74,1
DA:75,1
DA:76,1
DA:77,1
DA:86,1
DA:89,1
LF:31
LH:26
BRDA:8,0,0,0
BRDA:8,0,1,1
BRDA:13,1,0,0
BRDA:13,1,1,0
BRDA:15,2,0,0
BRDA:15,2,1,0
BRDA:17,3,0,0
BRDA:17,3,1,0
BRDA:76,4,0,1
BRDA:76,4,1,0
BRF:10
BRH:2
end_of_record
TN:
SF:routes\health.js
FN:9,(anonymous_0)
FN:21,(anonymous_1)
FN:34,(anonymous_2)
FN:35,(anonymous_3)
FN:54,(anonymous_4)
FN:78,(anonymous_5)
FN:106,checkDatabase
FN:111,(anonymous_7)
FN:118,checkRedis
FN:130,checkMemory
FNF:10
FNH:10
FNDA:1,(anonymous_0)
FNDA:2,(anonymous_1)
FNDA:8,(anonymous_2)
FNDA:4,(anonymous_3)
FNDA:1,(anonymous_4)
FNDA:1,(anonymous_5)
FNDA:2,checkDatabase
FNDA:1,(anonymous_7)
FNDA:2,checkRedis
FNDA:2,checkMemory
DA:1,1
DA:2,1
DA:3,1
DA:9,1
DA:10,1
DA:21,1
DA:22,2
DA:23,2
DA:24,2
DA:26,2
DA:33,2
DA:34,8
DA:35,4
DA:37,2
DA:42,0
DA:43,0
DA:54,1
DA:55,1
DA:56,1
DA:68,1
DA:70,0
DA:78,1
DA:79,1
DA:80,1
DA:81,1
DA:99,1
DA:101,0
DA:107,2
DA:108,2
DA:110,2
DA:111,1
DA:113,1
DA:114,1
DA:119,2
DA:120,2
DA:122,1
DA:123,1
DA:125,0
DA:126,0
DA:131,2
DA:132,2
DA:133,2
DA:136,1
LF:43
LH:37
BRDA:37,0,0,1
BRDA:37,0,1,1
BRDA:84,1,0,1
BRDA:84,1,1,1
BRDA:89,2,0,1
BRDA:89,2,1,0
BRDA:90,3,0,1
BRDA:90,3,1,0
BRDA:108,4,0,0
BRDA:108,4,1,2
BRDA:108,5,0,2
BRDA:108,5,1,2
BRDA:120,6,0,1
BRDA:120,6,1,1
BRF:14
BRH:11
end_of_record
